#
# There is insufficient memory for the Java Runtime Environment to continue.
# Native memory allocation (malloc) failed to allocate 1048576 bytes for AllocateHeap
# Possible reasons:
#   The system is out of physical RAM or swap space
#   The process is running with CompressedOops enabled, and the Java Heap may be blocking the growth of the native heap
# Possible solutions:
#   Reduce memory load on the system
#   Increase physical memory or swap space
#   Check if swap backing store is full
#   Decrease Java heap size (-Xmx/-Xms)
#   Decrease number of Java threads
#   Decrease Java thread stack sizes (-Xss)
#   Set larger code cache with -XX:ReservedCodeCacheSize=
#   JVM is running with Unscaled Compressed Oops mode in which the Java heap is
#     placed in the first 4GB address space. The Java Heap base address is the
#     maximum limit for the native heap growth. Please use -XX:HeapBaseMinAddress
#     to set the Java Heap base and to place the Java Heap above 4GB virtual address.
# This output file may be truncated or incomplete.
#
#  Out of Memory Error (t:/workspace/open/src/hotspot/share/memory/allocation.cpp:46), pid=13676, tid=11080
#
# JRE version: Java(TM) SE Runtime Environment (11.0.6+8) (build 11.0.6+8-LTS)
# Java VM: Java HotSpot(TM) 64-Bit Server VM (11.0.6+8-LTS, mixed mode, tiered, compressed oops, g1 gc, windows-amd64)
# No core dump will be written. Minidumps are not enabled by default on client versions of Windows
#

---------------  S U M M A R Y ------------

Command Line: -XX:TieredStopAtLevel=1 -Xverify:none -Dspring.output.ansi.enabled=always -Dcom.sun.management.jmxremote -Dspring.jmx.enabled=true -Dspring.liveBeansView.mbeanDomain -Dspring.application.admin.enabled=true -javaagent:E:\Program Files\JetBrains\IntelliJ IDEA 2020.1\lib\idea_rt.jar=1612:E:\Program Files\JetBrains\IntelliJ IDEA 2020.1\bin -Dfile.encoding=UTF-8 com.example.hotphoto.HotphotoApplication

Host: Intel(R) Core(TM) i5-7400 CPU @ 3.00GHz, 4 cores, 7G,  Windows 10 , 64 bit Build 18362 (10.0.18362.778)
Time: Mon May 18 18:13:01 2020 ?D1¨²¡À¨º¡Á?¨º¡À?? elapsed time: 1 seconds (0d 0h 0m 1s)

---------------  T H R E A D  ---------------

Current thread (0x0000024dd5b25800):  VMThread "VM Thread" [stack: 0x000000d020800000,0x000000d020900000] [id=11080]

Stack: [0x000000d020800000,0x000000d020900000]
[error occurred during error reporting (printing stack bounds), id 0xc0000005, EXCEPTION_ACCESS_VIOLATION (0xc0000005) at pc=0x0000024dbfb30bad]

Native frames: (J=compiled Java code, j=interpreted, Vv=VM code, C=native code)
V  [jvm.dll+0x63679a]
V  [jvm.dll+0x7755bf]
V  [jvm.dll+0x776c65]
V  [jvm.dll+0x777235]
V  [jvm.dll+0x7771eb]
V  [jvm.dll+0x635e96]
V  [jvm.dll+0x636268]
C  [ntdll.dll+0xa11cf]
C  [ntdll.dll+0x6a209]
C  [ntdll.dll+0x9fe3e]
C  0x0000024dbfb30bad

VM_Operation (0x000000d0217fd7b0): CollectForMetadataAllocation, mode: safepoint, requested by thread 0x0000024dd6da1800


---------------  P R O C E S S  ---------------

Threads class SMR info:
_java_thread_list=0x0000024dd6d816c0, length=12, elements={
0x0000024db77b2000, 0x0000024dd5b4d000, 0x0000024dd5b4e000, 0x0000024dd63c3000,
0x0000024dd5b7b800, 0x0000024dd5b7d000, 0x0000024dd5b7e000, 0x0000024dd6504000,
0x0000024dd6784800, 0x0000024dd6787000, 0x0000024dd69b0800, 0x0000024dd6da1800
}

Java Threads: ( => current thread )
  0x0000024db77b2000 JavaThread "main" [_thread_blocked, id=1740, stack(0x000000d020200000,0x000000d020300000)]
  0x0000024dd5b4d000 JavaThread "Reference Handler" daemon [_thread_blocked, id=936, stack(0x000000d020900000,0x000000d020a00000)]
  0x0000024dd5b4e000 JavaThread "Finalizer" daemon [_thread_blocked, id=10592, stack(0x000000d020a00000,0x000000d020b00000)]
  0x0000024dd63c3000 JavaThread "Signal Dispatcher" daemon [_thread_blocked, id=14032, stack(0x000000d020b00000,0x000000d020c00000)]
  0x0000024dd5b7b800 JavaThread "Attach Listener" daemon [_thread_blocked, id=11120, stack(0x000000d020c00000,0x000000d020d00000)]
  0x0000024dd5b7d000 JavaThread "C1 CompilerThread0" daemon [_thread_blocked, id=19720, stack(0x000000d020d00000,0x000000d020e00000)]
  0x0000024dd5b7e000 JavaThread "Sweeper thread" daemon [_thread_blocked, id=1892, stack(0x000000d020e00000,0x000000d020f00000)]
  0x0000024dd6504000 JavaThread "Common-Cleaner" daemon [_thread_blocked, id=8652, stack(0x000000d020f00000,0x000000d021000000)]
  0x0000024dd6784800 JavaThread "Monitor Ctrl-Break" daemon [_thread_in_native, id=4068, stack(0x000000d021000000,0x000000d021100000)]
  0x0000024dd6787000 JavaThread "Service Thread" daemon [_thread_blocked, id=20052, stack(0x000000d021100000,0x000000d021200000)]
  0x0000024dd69b0800 JavaThread "RMI TCP Accept-0" daemon [_thread_in_native, id=18156, stack(0x000000d021200000,0x000000d021300000)]
  0x0000024dd6da1800 JavaThread "background-preinit" [_thread_blocked, id=20208, stack(0x000000d021700000,0x000000d021800000)]

Other Threads:
=>0x0000024dd5b25800 VMThread "VM Thread" [stack: 0x000000d020800000,0x000000d020900000] [id=11080]
  0x0000024dd699f800 WatcherThread [stack: 0x000000d021300000,0x000000d021400000] [id=3912]
  0x0000024db77c8800 GCTaskThread "GC Thread#0" [stack: 0x000000d020300000,0x000000d020400000] [id=9468]
  0x0000024dd6a57000 GCTaskThread "GC Thread#1" [stack: 0x000000d021400000,0x000000d021500000] [id=19044]
  0x0000024dd6ab9000 GCTaskThread "GC Thread#2" [stack: 0x000000d021500000,0x000000d021600000] [id=14976]
  0x0000024dd6e4e000 GCTaskThread "GC Thread#3" [stack: 0x000000d021800000,0x000000d021900000] [id=14216]
  0x0000024db77f8000 ConcurrentGCThread "G1 Main Marker" [stack: 0x000000d020400000,0x000000d020500000] [id=10408]
  0x0000024db77f9800 ConcurrentGCThread "G1 Conc#0" [stack: 0x000000d020500000,0x000000d020600000] [id=11720]
  0x0000024dd5990800 ConcurrentGCThread "G1 Refine#0" [stack: 0x000000d020600000,0x000000d020700000] [id=20032]
  0x0000024dd6795000 ConcurrentGCThread "G1 Refine#1" [stack: 0x000000d021600000,0x000000d021700000] [id=8760]
  0x0000024dd5991800 ConcurrentGCThread "G1 Young RemSet Sampling" [stack: 0x000000d020700000,0x000000d020800000] [id=10204]

Threads with active compile tasks:

VM state:at safepoint (normal execution)

VM Mutex/Monitor currently owned by a thread:  ([mutex/lock_event])
[0x0000024db77b0100] Threads_lock - owner thread: 0x0000024dd5b25800
[0x0000024db77b0580] Heap_lock - owner thread: 0x0000024dd6da1800

Heap address: 0x0000000081c00000, size: 2020 MB, Compressed Oops mode: 32-bit
Narrow klass base: 0x0000000000000000, Narrow klass shift: 3
Compressed class space size: 1073741824 Address: 0x0000000100000000

Heap:
 garbage-first heap   total 131072K, used 5632K [0x0000000081c00000, 0x0000000100000000)
  region size 1024K, 3 young (3072K), 3 survivors (3072K)
 Metaspace       used 15498K, capacity 15902K, committed 16000K, reserved 1071104K
  class space    used 1675K, capacity 1839K, committed 1920K, reserved 1048576K
Heap Regions: E=young(eden), S=young(survivor), O=old, HS=humongous(starts), HC=humongous(continues), CS=collection set, F=free, A=archive, TAMS=top-at-mark-start (previous, next)
|   0|0x0000000081c00000, 0x0000000081d00000, 0x0000000081d00000|100%| O|  |TAMS 0x0000000081c00000, 0x0000000081d00000| Untracked 
|   1|0x0000000081d00000, 0x0000000081e00000, 0x0000000081e00000|100%| O|  |TAMS 0x0000000081d00000, 0x0000000081e00000| Untracked 
|   2|0x0000000081e00000, 0x0000000081eb4200, 0x0000000081f00000| 70%| O|  |TAMS 0x0000000081e00000, 0x0000000081eb4200| Untracked 
|   3|0x0000000081f00000, 0x0000000081f00000, 0x0000000082000000|  0%| F|  |TAMS 0x0000000081f00000, 0x0000000081f00000| Untracked 
|   4|0x0000000082000000, 0x0000000082000000, 0x0000000082100000|  0%| F|  |TAMS 0x0000000082000000, 0x0000000082000000| Untracked 
|   5|0x0000000082100000, 0x0000000082100000, 0x0000000082200000|  0%| F|  |TAMS 0x0000000082100000, 0x0000000082100000| Untracked 
|   6|0x0000000082200000, 0x0000000082200000, 0x0000000082300000|  0%| F|  |TAMS 0x0000000082200000, 0x0000000082200000| Untracked 
|   7|0x0000000082300000, 0x0000000082300000, 0x0000000082400000|  0%| F|  |TAMS 0x0000000082300000, 0x0000000082300000| Untracked 
|   8|0x0000000082400000, 0x0000000082400000, 0x0000000082500000|  0%| F|  |TAMS 0x0000000082400000, 0x0000000082400000| Untracked 
|   9|0x0000000082500000, 0x0000000082500000, 0x0000000082600000|  0%| F|  |TAMS 0x0000000082500000, 0x0000000082500000| Untracked 
|  10|0x0000000082600000, 0x0000000082600000, 0x0000000082700000|  0%| F|  |TAMS 0x0000000082600000, 0x0000000082600000| Untracked 
|  11|0x0000000082700000, 0x0000000082700000, 0x0000000082800000|  0%| F|  |TAMS 0x0000000082700000, 0x0000000082700000| Untracked 
|  12|0x0000000082800000, 0x0000000082800000, 0x0000000082900000|  0%| F|  |TAMS 0x0000000082800000, 0x0000000082800000| Untracked 
|  13|0x0000000082900000, 0x0000000082900000, 0x0000000082a00000|  0%| F|  |TAMS 0x0000000082900000, 0x0000000082900000| Untracked 
|  14|0x0000000082a00000, 0x0000000082a00000, 0x0000000082b00000|  0%| F|  |TAMS 0x0000000082a00000, 0x0000000082a00000| Untracked 
|  15|0x0000000082b00000, 0x0000000082b00000, 0x0000000082c00000|  0%| F|  |TAMS 0x0000000082b00000, 0x0000000082b00000| Untracked 
|  16|0x0000000082c00000, 0x0000000082c00000, 0x0000000082d00000|  0%| F|  |TAMS 0x0000000082c00000, 0x0000000082c00000| Untracked 
|  17|0x0000000082d00000, 0x0000000082d00000, 0x0000000082e00000|  0%| F|  |TAMS 0x0000000082d00000, 0x0000000082d00000| Untracked 
|  18|0x0000000082e00000, 0x0000000082e00000, 0x0000000082f00000|  0%| F|  |TAMS 0x0000000082e00000, 0x0000000082e00000| Untracked 
|  19|0x0000000082f00000, 0x0000000082f00000, 0x0000000083000000|  0%| F|  |TAMS 0x0000000082f00000, 0x0000000082f00000| Untracked 
|  20|0x0000000083000000, 0x0000000083000000, 0x0000000083100000|  0%| F|  |TAMS 0x0000000083000000, 0x0000000083000000| Untracked 
|  21|0x0000000083100000, 0x0000000083100000, 0x0000000083200000|  0%| F|  |TAMS 0x0000000083100000, 0x0000000083100000| Untracked 
|  22|0x0000000083200000, 0x0000000083200000, 0x0000000083300000|  0%| F|  |TAMS 0x0000000083200000, 0x0000000083200000| Untracked 
|  23|0x0000000083300000, 0x0000000083300000, 0x0000000083400000|  0%| F|  |TAMS 0x0000000083300000, 0x0000000083300000| Untracked 
|  24|0x0000000083400000, 0x0000000083400000, 0x0000000083500000|  0%| F|  |TAMS 0x0000000083400000, 0x0000000083400000| Untracked 
|  25|0x0000000083500000, 0x0000000083500000, 0x0000000083600000|  0%| F|  |TAMS 0x0000000083500000, 0x0000000083500000| Untracked 
|  26|0x0000000083600000, 0x0000000083600000, 0x0000000083700000|  0%| F|  |TAMS 0x0000000083600000, 0x0000000083600000| Untracked 
|  27|0x0000000083700000, 0x0000000083700000, 0x0000000083800000|  0%| F|  |TAMS 0x0000000083700000, 0x0000000083700000| Untracked 
|  28|0x0000000083800000, 0x0000000083800000, 0x0000000083900000|  0%| F|  |TAMS 0x0000000083800000, 0x0000000083800000| Untracked 
|  29|0x0000000083900000, 0x0000000083900000, 0x0000000083a00000|  0%| F|  |TAMS 0x0000000083900000, 0x0000000083900000| Untracked 
|  30|0x0000000083a00000, 0x0000000083a00000, 0x0000000083b00000|  0%| F|  |TAMS 0x0000000083a00000, 0x0000000083a00000| Untracked 
|  31|0x0000000083b00000, 0x0000000083b00000, 0x0000000083c00000|  0%| F|  |TAMS 0x0000000083b00000, 0x0000000083b00000| Untracked 
|  32|0x0000000083c00000, 0x0000000083c00000, 0x0000000083d00000|  0%| F|  |TAMS 0x0000000083c00000, 0x0000000083c00000| Untracked 
|  33|0x0000000083d00000, 0x0000000083d00000, 0x0000000083e00000|  0%| F|  |TAMS 0x0000000083d00000, 0x0000000083d00000| Untracked 
|  34|0x0000000083e00000, 0x0000000083e00000, 0x0000000083f00000|  0%| F|  |TAMS 0x0000000083e00000, 0x0000000083e00000| Untracked 
|  35|0x0000000083f00000, 0x0000000083f00000, 0x0000000084000000|  0%| F|  |TAMS 0x0000000083f00000, 0x0000000083f00000| Untracked 
|  36|0x0000000084000000, 0x0000000084000000, 0x0000000084100000|  0%| F|  |TAMS 0x0000000084000000, 0x0000000084000000| Untracked 
|  37|0x0000000084100000, 0x0000000084100000, 0x0000000084200000|  0%| F|  |TAMS 0x0000000084100000, 0x0000000084100000| Untracked 
|  38|0x0000000084200000, 0x0000000084200000, 0x0000000084300000|  0%| F|  |TAMS 0x0000000084200000, 0x0000000084200000| Untracked 
|  39|0x0000000084300000, 0x0000000084300000, 0x0000000084400000|  0%| F|  |TAMS 0x0000000084300000, 0x0000000084300000| Untracked 
|  40|0x0000000084400000, 0x0000000084400000, 0x0000000084500000|  0%| F|  |TAMS 0x0000000084400000, 0x0000000084400000| Untracked 
|  41|0x0000000084500000, 0x0000000084500000, 0x0000000084600000|  0%| F|  |TAMS 0x0000000084500000, 0x0000000084500000| Untracked 
|  42|0x0000000084600000, 0x0000000084600000, 0x0000000084700000|  0%| F|  |TAMS 0x0000000084600000, 0x0000000084600000| Untracked 
|  43|0x0000000084700000, 0x0000000084700000, 0x0000000084800000|  0%| F|  |TAMS 0x0000000084700000, 0x0000000084700000| Untracked 
|  44|0x0000000084800000, 0x0000000084800000, 0x0000000084900000|  0%| F|  |TAMS 0x0000000084800000, 0x0000000084800000| Untracked 
|  45|0x0000000084900000, 0x0000000084900000, 0x0000000084a00000|  0%| F|  |TAMS 0x0000000084900000, 0x0000000084900000| Untracked 
|  46|0x0000000084a00000, 0x0000000084a00000, 0x0000000084b00000|  0%| F|  |TAMS 0x0000000084a00000, 0x0000000084a00000| Untracked 
|  47|0x0000000084b00000, 0x0000000084b00000, 0x0000000084c00000|  0%| F|  |TAMS 0x0000000084b00000, 0x0000000084b00000| Untracked 
|  48|0x0000000084c00000, 0x0000000084c00000, 0x0000000084d00000|  0%| F|  |TAMS 0x0000000084c00000, 0x0000000084c00000| Untracked 
|  49|0x0000000084d00000, 0x0000000084d00000, 0x0000000084e00000|  0%| F|  |TAMS 0x0000000084d00000, 0x0000000084d00000| Untracked 
|  50|0x0000000084e00000, 0x0000000084e00000, 0x0000000084f00000|  0%| F|  |TAMS 0x0000000084e00000, 0x0000000084e00000| Untracked 
|  51|0x0000000084f00000, 0x0000000084f00000, 0x0000000085000000|  0%| F|  |TAMS 0x0000000084f00000, 0x0000000084f00000| Untracked 
|  52|0x0000000085000000, 0x0000000085000000, 0x0000000085100000|  0%| F|  |TAMS 0x0000000085000000, 0x0000000085000000| Untracked 
|  53|0x0000000085100000, 0x0000000085100000, 0x0000000085200000|  0%| F|  |TAMS 0x0000000085100000, 0x0000000085100000| Untracked 
|  54|0x0000000085200000, 0x0000000085200000, 0x0000000085300000|  0%| F|  |TAMS 0x0000000085200000, 0x0000000085200000| Untracked 
|  55|0x0000000085300000, 0x0000000085300000, 0x0000000085400000|  0%| F|  |TAMS 0x0000000085300000, 0x0000000085300000| Untracked 
|  56|0x0000000085400000, 0x0000000085400000, 0x0000000085500000|  0%| F|  |TAMS 0x0000000085400000, 0x0000000085400000| Untracked 
|  57|0x0000000085500000, 0x0000000085500000, 0x0000000085600000|  0%| F|  |TAMS 0x0000000085500000, 0x0000000085500000| Untracked 
|  58|0x0000000085600000, 0x0000000085600000, 0x0000000085700000|  0%| F|  |TAMS 0x0000000085600000, 0x0000000085600000| Untracked 
|  59|0x0000000085700000, 0x0000000085700000, 0x0000000085800000|  0%| F|  |TAMS 0x0000000085700000, 0x0000000085700000| Untracked 
|  60|0x0000000085800000, 0x0000000085800000, 0x0000000085900000|  0%| F|  |TAMS 0x0000000085800000, 0x0000000085800000| Untracked 
|  61|0x0000000085900000, 0x0000000085900000, 0x0000000085a00000|  0%| F|  |TAMS 0x0000000085900000, 0x0000000085900000| Untracked 
|  62|0x0000000085a00000, 0x0000000085a00000, 0x0000000085b00000|  0%| F|  |TAMS 0x0000000085a00000, 0x0000000085a00000| Untracked 
|  63|0x0000000085b00000, 0x0000000085b00000, 0x0000000085c00000|  0%| F|  |TAMS 0x0000000085b00000, 0x0000000085b00000| Untracked 
|  64|0x0000000085c00000, 0x0000000085c00000, 0x0000000085d00000|  0%| F|  |TAMS 0x0000000085c00000, 0x0000000085c00000| Untracked 
|  65|0x0000000085d00000, 0x0000000085d00000, 0x0000000085e00000|  0%| F|  |TAMS 0x0000000085d00000, 0x0000000085d00000| Untracked 
|  66|0x0000000085e00000, 0x0000000085e00000, 0x0000000085f00000|  0%| F|  |TAMS 0x0000000085e00000, 0x0000000085e00000| Untracked 
|  67|0x0000000085f00000, 0x0000000085f00000, 0x0000000086000000|  0%| F|  |TAMS 0x0000000085f00000, 0x0000000085f00000| Untracked 
|  68|0x0000000086000000, 0x0000000086000000, 0x0000000086100000|  0%| F|  |TAMS 0x0000000086000000, 0x0000000086000000| Untracked 
|  69|0x0000000086100000, 0x0000000086100000, 0x0000000086200000|  0%| F|  |TAMS 0x0000000086100000, 0x0000000086100000| Untracked 
|  70|0x0000000086200000, 0x0000000086200000, 0x0000000086300000|  0%| F|  |TAMS 0x0000000086200000, 0x0000000086200000| Untracked 
|  71|0x0000000086300000, 0x0000000086300000, 0x0000000086400000|  0%| F|  |TAMS 0x0000000086300000, 0x0000000086300000| Untracked 
|  72|0x0000000086400000, 0x0000000086400000, 0x0000000086500000|  0%| F|  |TAMS 0x0000000086400000, 0x0000000086400000| Untracked 
|  73|0x0000000086500000, 0x0000000086500000, 0x0000000086600000|  0%| F|  |TAMS 0x0000000086500000, 0x0000000086500000| Untracked 
|  74|0x0000000086600000, 0x0000000086600000, 0x0000000086700000|  0%| F|  |TAMS 0x0000000086600000, 0x0000000086600000| Untracked 
|  75|0x0000000086700000, 0x0000000086700000, 0x0000000086800000|  0%| F|  |TAMS 0x0000000086700000, 0x0000000086700000| Untracked 
|  76|0x0000000086800000, 0x0000000086800000, 0x0000000086900000|  0%| F|  |TAMS 0x0000000086800000, 0x0000000086800000| Untracked 
|  77|0x0000000086900000, 0x0000000086900000, 0x0000000086a00000|  0%| F|  |TAMS 0x0000000086900000, 0x0000000086900000| Untracked 
|  78|0x0000000086a00000, 0x0000000086a00000, 0x0000000086b00000|  0%| F|  |TAMS 0x0000000086a00000, 0x0000000086a00000| Untracked 
|  79|0x0000000086b00000, 0x0000000086b00000, 0x0000000086c00000|  0%| F|  |TAMS 0x0000000086b00000, 0x0000000086b00000| Untracked 
|  80|0x0000000086c00000, 0x0000000086c00000, 0x0000000086d00000|  0%| F|  |TAMS 0x0000000086c00000, 0x0000000086c00000| Untracked 
|  81|0x0000000086d00000, 0x0000000086d00000, 0x0000000086e00000|  0%| F|  |TAMS 0x0000000086d00000, 0x0000000086d00000| Untracked 
|  82|0x0000000086e00000, 0x0000000086e00000, 0x0000000086f00000|  0%| F|  |TAMS 0x0000000086e00000, 0x0000000086e00000| Untracked 
|  83|0x0000000086f00000, 0x0000000086f00000, 0x0000000087000000|  0%| F|  |TAMS 0x0000000086f00000, 0x0000000086f00000| Untracked 
|  84|0x0000000087000000, 0x0000000087000000, 0x0000000087100000|  0%| F|  |TAMS 0x0000000087000000, 0x0000000087000000| Untracked 
|  85|0x0000000087100000, 0x0000000087100000, 0x0000000087200000|  0%| F|  |TAMS 0x0000000087100000, 0x0000000087100000| Untracked 
|  86|0x0000000087200000, 0x0000000087200000, 0x0000000087300000|  0%| F|  |TAMS 0x0000000087200000, 0x0000000087200000| Untracked 
|  87|0x0000000087300000, 0x0000000087300000, 0x0000000087400000|  0%| F|  |TAMS 0x0000000087300000, 0x0000000087300000| Untracked 
|  88|0x0000000087400000, 0x0000000087400000, 0x0000000087500000|  0%| F|  |TAMS 0x0000000087400000, 0x0000000087400000| Untracked 
|  89|0x0000000087500000, 0x0000000087500000, 0x0000000087600000|  0%| F|  |TAMS 0x0000000087500000, 0x0000000087500000| Untracked 
|  90|0x0000000087600000, 0x0000000087600000, 0x0000000087700000|  0%| F|  |TAMS 0x0000000087600000, 0x0000000087600000| Untracked 
|  91|0x0000000087700000, 0x0000000087700000, 0x0000000087800000|  0%| F|  |TAMS 0x0000000087700000, 0x0000000087700000| Untracked 
|  92|0x0000000087800000, 0x0000000087800000, 0x0000000087900000|  0%| F|  |TAMS 0x0000000087800000, 0x0000000087800000| Untracked 
|  93|0x0000000087900000, 0x0000000087900000, 0x0000000087a00000|  0%| F|  |TAMS 0x0000000087900000, 0x0000000087900000| Untracked 
|  94|0x0000000087a00000, 0x0000000087a00000, 0x0000000087b00000|  0%| F|  |TAMS 0x0000000087a00000, 0x0000000087a00000| Untracked 
|  95|0x0000000087b00000, 0x0000000087b00000, 0x0000000087c00000|  0%| F|  |TAMS 0x0000000087b00000, 0x0000000087b00000| Untracked 
|  96|0x0000000087c00000, 0x0000000087c00000, 0x0000000087d00000|  0%| F|  |TAMS 0x0000000087c00000, 0x0000000087c00000| Untracked 
|  97|0x0000000087d00000, 0x0000000087d00000, 0x0000000087e00000|  0%| F|  |TAMS 0x0000000087d00000, 0x0000000087d00000| Untracked 
|  98|0x0000000087e00000, 0x0000000087e00000, 0x0000000087f00000|  0%| F|  |TAMS 0x0000000087e00000, 0x0000000087e00000| Untracked 
|  99|0x0000000087f00000, 0x0000000087f00000, 0x0000000088000000|  0%| F|  |TAMS 0x0000000087f00000, 0x0000000087f00000| Untracked 
| 100|0x0000000088000000, 0x0000000088000000, 0x0000000088100000|  0%| F|  |TAMS 0x0000000088000000, 0x0000000088000000| Untracked 
| 101|0x0000000088100000, 0x0000000088100000, 0x0000000088200000|  0%| F|  |TAMS 0x0000000088100000, 0x0000000088100000| Untracked 
| 102|0x0000000088200000, 0x0000000088200000, 0x0000000088300000|  0%| F|  |TAMS 0x0000000088200000, 0x0000000088200000| Untracked 
| 103|0x0000000088300000, 0x0000000088300000, 0x0000000088400000|  0%| F|  |TAMS 0x0000000088300000, 0x0000000088300000| Untracked 
| 104|0x0000000088400000, 0x0000000088400000, 0x0000000088500000|  0%| F|  |TAMS 0x0000000088400000, 0x0000000088400000| Untracked 
| 105|0x0000000088500000, 0x0000000088500000, 0x0000000088600000|  0%| F|  |TAMS 0x0000000088500000, 0x0000000088500000| Untracked 
| 106|0x0000000088600000, 0x0000000088600000, 0x0000000088700000|  0%| F|  |TAMS 0x0000000088600000, 0x0000000088600000| Untracked 
| 107|0x0000000088700000, 0x0000000088700000, 0x0000000088800000|  0%| F|  |TAMS 0x0000000088700000, 0x0000000088700000| Untracked 
| 108|0x0000000088800000, 0x0000000088800000, 0x0000000088900000|  0%| F|  |TAMS 0x0000000088800000, 0x0000000088800000| Untracked 
| 109|0x0000000088900000, 0x0000000088900000, 0x0000000088a00000|  0%| F|  |TAMS 0x0000000088900000, 0x0000000088900000| Untracked 
| 110|0x0000000088a00000, 0x0000000088a00000, 0x0000000088b00000|  0%| F|  |TAMS 0x0000000088a00000, 0x0000000088a00000| Untracked 
| 111|0x0000000088b00000, 0x0000000088b00000, 0x0000000088c00000|  0%| F|  |TAMS 0x0000000088b00000, 0x0000000088b00000| Untracked 
| 112|0x0000000088c00000, 0x0000000088c00000, 0x0000000088d00000|  0%| F|  |TAMS 0x0000000088c00000, 0x0000000088c00000| Untracked 
| 113|0x0000000088d00000, 0x0000000088d00000, 0x0000000088e00000|  0%| F|  |TAMS 0x0000000088d00000, 0x0000000088d00000| Untracked 
| 114|0x0000000088e00000, 0x0000000088ecc0e0, 0x0000000088f00000| 79%| S|CS|TAMS 0x0000000088e00000, 0x0000000088e00000| Complete 
| 115|0x0000000088f00000, 0x0000000089000000, 0x0000000089000000|100%| S|CS|TAMS 0x0000000088f00000, 0x0000000088f00000| Complete 
| 116|0x0000000089000000, 0x0000000089100000, 0x0000000089100000|100%| S|CS|TAMS 0x0000000089000000, 0x0000000089000000| Complete 
| 117|0x0000000089100000, 0x0000000089100000, 0x0000000089200000|  0%| F|  |TAMS 0x0000000089100000, 0x0000000089100000| Untracked 
| 118|0x0000000089200000, 0x0000000089200000, 0x0000000089300000|  0%| F|  |TAMS 0x0000000089200000, 0x0000000089200000| Untracked 
| 119|0x0000000089300000, 0x0000000089300000, 0x0000000089400000|  0%| F|  |TAMS 0x0000000089300000, 0x0000000089300000| Untracked 
| 120|0x0000000089400000, 0x0000000089400000, 0x0000000089500000|  0%| F|  |TAMS 0x0000000089400000, 0x0000000089400000| Untracked 
| 121|0x0000000089500000, 0x0000000089500000, 0x0000000089600000|  0%| F|  |TAMS 0x0000000089500000, 0x0000000089500000| Untracked 
| 122|0x0000000089600000, 0x0000000089600000, 0x0000000089700000|  0%| F|  |TAMS 0x0000000089600000, 0x0000000089600000| Untracked 
| 123|0x0000000089700000, 0x0000000089700000, 0x0000000089800000|  0%| F|  |TAMS 0x0000000089700000, 0x0000000089700000| Untracked 
| 124|0x0000000089800000, 0x0000000089800000, 0x0000000089900000|  0%| F|  |TAMS 0x0000000089800000, 0x0000000089800000| Untracked 
| 125|0x0000000089900000, 0x0000000089900000, 0x0000000089a00000|  0%| F|  |TAMS 0x0000000089900000, 0x0000000089900000| Untracked 
| 126|0x0000000089a00000, 0x0000000089a00000, 0x0000000089b00000|  0%| F|  |TAMS 0x0000000089a00000, 0x0000000089a00000| Untracked 
| 127|0x0000000089b00000, 0x0000000089b00000, 0x0000000089c00000|  0%| F|  |TAMS 0x0000000089b00000, 0x0000000089b00000| Untracked 

Card table byte_map: [0x0000024dcef30000,0x0000024dcf330000] _byte_map_base: 0x0000024dceb22000

Marking Bits (Prev, Next): (CMBitMap*) 0x0000024db77ef778, (CMBitMap*) 0x0000024db77ef7b0
 Prev Bits: [0x0000024dcf730000, 0x0000024dd16c0000)
 Next Bits: [0x0000024dd16c0000, 0x0000024dd3650000)

Polling page: 0x0000024db56a0000

Metaspace:

Usage:
  Non-class:     13.73 MB capacity,    13.50 MB ( 98%) used,   202.63 KB (  1%) free+waste,    37.63 KB ( <1%) overhead. 
      Class:      1.80 MB capacity,     1.64 MB ( 91%) used,   144.95 KB (  8%) free+waste,    18.75 KB (  1%) overhead. 
       Both:     15.53 MB capacity,    15.13 MB ( 97%) used,   347.58 KB (  2%) free+waste,    56.38 KB ( <1%) overhead. 

Virtual space:
  Non-class space:       22.00 MB reserved,      13.75 MB ( 63%) committed 
      Class space:        1.00 GB reserved,       1.88 MB ( <1%) committed 
             Both:        1.02 GB reserved,      15.63 MB (  1%) committed 

Chunk freelists:
   Non-Class:  2.13 KB
       Class:  2.13 KB
        Both:  4.25 KB

CodeHeap 'non-profiled nmethods': size=238912Kb used=2122Kb max_used=2122Kb free=236789Kb
 bounds [0x0000024dc01e0000, 0x0000024dc0450000, 0x0000024dceb30000]
CodeHeap 'non-nmethods': size=6848Kb used=1116Kb max_used=1116Kb free=5731Kb
 bounds [0x0000024dbfb30000, 0x0000024dbfda0000, 0x0000024dc01e0000]
 total_blobs=1864 nmethods=1417 adapters=358
 compilation: enabled
              stopped_count=0, restarted_count=0
 full_count=0

Compilation events (10 events):
Event: 1.828 Thread 0x0000024dd5b7d000 1413       1       jdk.internal.loader.BuiltinClassLoader::getAndVerifyPackage (109 bytes)
Event: 1.828 Thread 0x0000024dd5b7d000 nmethod 1413 0x0000024dc03f0590 code [0x0000024dc03f0860, 0x0000024dc03f1290]
Event: 1.828 Thread 0x0000024dd5b7d000 1414       1       java.lang.ClassLoader::getDefinedPackage (35 bytes)
Event: 1.829 Thread 0x0000024dd5b7d000 nmethod 1414 0x0000024dc03f1810 code [0x0000024dc03f1a00, 0x0000024dc03f1c90]
Event: 1.829 Thread 0x0000024dd5b7d000 1416       1       jdk.internal.loader.URLClassPath$JarLoader$2::getCodeSourceURL (8 bytes)
Event: 1.829 Thread 0x0000024dd5b7d000 nmethod 1416 0x0000024dc03f1e10 code [0x0000024dc03f1fc0, 0x0000024dc03f20d8]
Event: 1.829 Thread 0x0000024dd5b7d000 1400       1       sun.reflect.generics.reflectiveObjects.ParameterizedTypeImpl::getRawType (5 bytes)
Event: 1.829 Thread 0x0000024dd5b7d000 nmethod 1400 0x0000024dc03f2190 code [0x0000024dc03f2340, 0x0000024dc03f2458]
Event: 1.829 Thread 0x0000024dd5b7d000 1417       1       jdk.internal.reflect.NativeConstructorAccessorImpl::setParent (6 bytes)
Event: 1.829 Thread 0x0000024dd5b7d000 nmethod 1417 0x0000024dc03f2510 code [0x0000024dc03f26c0, 0x0000024dc03f2818]

GC Heap History (4 events):
Event: 1.602 GC heap before
{Heap before GC invocations=0 (full 0):
 garbage-first heap   total 131072K, used 14336K [0x0000000081c00000, 0x0000000100000000)
  region size 1024K, 14 young (14336K), 0 survivors (0K)
 Metaspace       used 12957K, capacity 13286K, committed 13568K, reserved 1060864K
  class space    used 1356K, capacity 1470K, committed 1536K, reserved 1048576K
}
Event: 1.608 GC heap after
{Heap after GC invocations=1 (full 0):
 garbage-first heap   total 131072K, used 4816K [0x0000000081c00000, 0x0000000100000000)
  region size 1024K, 2 young (2048K), 2 survivors (2048K)
 Metaspace       used 12957K, capacity 13286K, committed 13568K, reserved 1060864K
  class space    used 1356K, capacity 1470K, committed 1536K, reserved 1048576K
}
Event: 1.834 GC heap before
{Heap before GC invocations=1 (full 0):
 garbage-first heap   total 131072K, used 15056K [0x0000000081c00000, 0x0000000100000000)
  region size 1024K, 13 young (13312K), 2 survivors (2048K)
 Metaspace       used 15498K, capacity 15902K, committed 16000K, reserved 1069056K
  class space    used 1675K, capacity 1839K, committed 1920K, reserved 1048576K
}
Event: 1.837 GC heap after
{Heap after GC invocations=2 (full 0):
 garbage-first heap   total 131072K, used 5632K [0x0000000081c00000, 0x0000000100000000)
  region size 1024K, 3 young (3072K), 3 survivors (3072K)
 Metaspace       used 15498K, capacity 15902K, committed 16000K, reserved 1069056K
  class space    used 1675K, capacity 1839K, committed 1920K, reserved 1048576K
}

Deoptimization events (0 events):
No events

Classes redefined (0 events):
No events

Internal exceptions (10 events):
Event: 1.642 Thread 0x0000024db77b2000 Exception <a 'java/lang/NoSuchMethodError'{0x0000000089ac7120}: java.lang.invoke.DirectMethodHandle$Holder.invokeStaticInit(Ljava/lang/Object;Ljava/lang/Object;)I> (0x0000000089ac7120) thrown at [t:/workspace/open/src/hotspot/share/interpreter/linkResolve
Event: 1.693 Thread 0x0000024db77b2000 Exception <a 'java/lang/NoSuchMethodError'{0x00000000898d0c18}: java.lang.invoke.DirectMethodHandle$Holder.invokeStaticInit(Ljava/lang/Object;Ljava/lang/Object;Ljava/lang/Object;)I> (0x00000000898d0c18) thrown at [t:/workspace/open/src/hotspot/share/inter
Event: 1.697 Thread 0x0000024db77b2000 Exception <a 'java/lang/NoSuchMethodError'{0x0000000089701218}: java.lang.invoke.DirectMethodHandle$Holder.invokeVirtual(Ljava/lang/Object;Ljava/lang/Object;Ljava/lang/Object;)Ljava/lang/Object;> (0x0000000089701218) thrown at [t:/workspace/open/src/hotsp
Event: 1.706 Thread 0x0000024db77b2000 Exception <a 'java/lang/NoSuchMethodError'{0x0000000089747bc8}: java.lang.invoke.DirectMethodHandle$Holder.invokeSpecial(Ljava/lang/Object;Ljava/lang/Object;)V> (0x0000000089747bc8) thrown at [t:/workspace/open/src/hotspot/share/interpreter/linkResolver.c
Event: 1.779 Thread 0x0000024db77b2000 Exception <a 'java/lang/NoSuchMethodError'{0x00000000894261a0}: java.lang.invoke.DirectMethodHandle$Holder.invokeStatic(Ljava/lang/Object;Ljava/lang/Object;Ljava/lang/Object;Ljava/lang/Object;Ljava/lang/Object;Ljava/lang/Object;Ljava/lang/Object;Ljava/lan
Event: 1.780 Thread 0x0000024db77b2000 Exception <a 'java/lang/NoSuchMethodError'{0x00000000894340c0}: java.lang.invoke.DirectMethodHandle$Holder.invokeStatic(Ljava/lang/Object;Ljava/lang/Object;Ljava/lang/Object;Ljava/lang/Object;Ljava/lang/Object;Ljava/lang/Object;Ljava/lang/Object;Ljava/lan
Event: 1.781 Thread 0x0000024db77b2000 Exception <a 'java/lang/NoSuchMethodError'{0x0000000089441fd0}: java.lang.invoke.DirectMethodHandle$Holder.invokeSpecial(Ljava/lang/Object;Ljava/lang/Object;IILjava/lang/Object;Ljava/lang/Object;Ljava/lang/Object;Ljava/lang/Object;)Ljava/lang/Object;> (0x
Event: 1.781 Thread 0x0000024db77b2000 Exception <a 'java/lang/NoSuchMethodError'{0x0000000089445708}: java.lang.invoke.DelegatingMethodHandle$Holder.reinvoke_L(Ljava/lang/Object;IILjava/lang/Object;Ljava/lang/Object;Ljava/lang/Object;Ljava/lang/Object;)Ljava/lang/Object;> (0x0000000089445708)
Event: 1.783 Thread 0x0000024db77b2000 Exception <a 'java/lang/NoSuchMethodError'{0x00000000894540b8}: java.lang.invoke.DirectMethodHandle$Holder.invokeStatic(Ljava/lang/Object;Ljava/lang/Object;Ljava/lang/Object;Ljava/lang/Object;Ljava/lang/Object;Ljava/lang/Object;I)Ljava/lang/Object;> (0x00
Event: 1.790 Thread 0x0000024db77b2000 Exception <a 'java/io/FileNotFoundException'{0x000000008933bd08}> (0x000000008933bd08) thrown at [t:/workspace/open/src/hotspot/share/prims/jni.cpp, line 615]

Events (10 events):
Event: 1.833 loading class java/time/format/DateTimeFormatterBuilder$CharLiteralPrinterParser done
Event: 1.833 loading class java/time/format/ResolverStyle
Event: 1.833 loading class java/time/format/ResolverStyle done
Event: 1.833 loading class java/time/chrono/IsoChronology
Event: 1.833 loading class java/time/chrono/AbstractChronology
Event: 1.833 loading class java/time/chrono/Chronology
Event: 1.833 loading class java/time/chrono/Chronology done
Event: 1.833 loading class java/time/chrono/AbstractChronology done
Event: 1.833 loading class java/time/chrono/IsoChronology done
Event: 1.834 Executing VM operation: CollectForMetadataAllocation


Dynamic libraries:
0x00007ff6b06a0000 - 0x00007ff6b06e7000 	C:\Program Files\Java\jdk-11.0.6\bin\java.exe
0x00007ff970640000 - 0x00007ff970830000 	C:\WINDOWS\SYSTEM32\ntdll.dll
0x00007ff96eb60000 - 0x00007ff96ec12000 	C:\WINDOWS\System32\KERNEL32.DLL
0x00007ff96e440000 - 0x00007ff96e6e4000 	C:\WINDOWS\System32\KERNELBASE.dll
0x00007ff96ec20000 - 0x00007ff96ecc3000 	C:\WINDOWS\System32\ADVAPI32.dll
0x00007ff96ee80000 - 0x00007ff96ef1e000 	C:\WINDOWS\System32\msvcrt.dll
0x00007ff96fcc0000 - 0x00007ff96fd57000 	C:\WINDOWS\System32\sechost.dll
0x00007ff96f800000 - 0x00007ff96f920000 	C:\WINDOWS\System32\RPCRT4.dll
0x00007ff96ffe0000 - 0x00007ff970174000 	C:\WINDOWS\System32\USER32.dll
0x00007ff96d5d0000 - 0x00007ff96d5f1000 	C:\WINDOWS\System32\win32u.dll
0x00007ff96ecd0000 - 0x00007ff96ecf6000 	C:\WINDOWS\System32\GDI32.dll
0x00007ff96de80000 - 0x00007ff96e014000 	C:\WINDOWS\System32\gdi32full.dll
0x00007ff96dd80000 - 0x00007ff96de1e000 	C:\WINDOWS\System32\msvcp_win.dll
0x00007ff96e1a0000 - 0x00007ff96e29a000 	C:\WINDOWS\System32\ucrtbase.dll
0x00007ff95cc60000 - 0x00007ff95cee4000 	C:\WINDOWS\WinSxS\amd64_microsoft.windows.common-controls_6595b64144ccf1df_6.0.18362.836_none_e6c4b943130f18ed\COMCTL32.dll
0x00007ff9701e0000 - 0x00007ff970516000 	C:\WINDOWS\System32\combase.dll
0x00007ff96e3c0000 - 0x00007ff96e440000 	C:\WINDOWS\System32\bcryptPrimitives.dll
0x00007ff968460000 - 0x00007ff96846a000 	C:\WINDOWS\SYSTEM32\VERSION.dll
0x00007ff96f9e0000 - 0x00007ff96fa0e000 	C:\WINDOWS\System32\IMM32.DLL
0x00007ff95da60000 - 0x00007ff95da76000 	C:\Program Files\Java\jdk-11.0.6\bin\vcruntime140.dll
0x00007ff93f3a0000 - 0x00007ff93f44a000 	C:\Program Files\Java\jdk-11.0.6\bin\msvcp140.dll
0x00007ff938290000 - 0x00007ff938db9000 	C:\Program Files\Java\jdk-11.0.6\bin\server\jvm.dll
0x00007ff96ef20000 - 0x00007ff96ef28000 	C:\WINDOWS\System32\PSAPI.DLL
0x00007ff9682d0000 - 0x00007ff9682d9000 	C:\WINDOWS\SYSTEM32\WSOCK32.dll
0x00007ff96fa10000 - 0x00007ff96fa7f000 	C:\WINDOWS\System32\WS2_32.dll
0x00007ff96b630000 - 0x00007ff96b654000 	C:\WINDOWS\SYSTEM32\WINMM.dll
0x00007ff96b420000 - 0x00007ff96b44d000 	C:\WINDOWS\SYSTEM32\WINMMBASE.dll
0x00007ff96e350000 - 0x00007ff96e39a000 	C:\WINDOWS\System32\cfgmgr32.dll
0x00007ff96d5b0000 - 0x00007ff96d5c1000 	C:\WINDOWS\System32\kernel.appcore.dll
0x00007ff95b800000 - 0x00007ff95b811000 	C:\Program Files\Java\jdk-11.0.6\bin\verify.dll
0x00007ff967be0000 - 0x00007ff967dd4000 	C:\WINDOWS\SYSTEM32\DBGHELP.DLL
0x00007ff967b90000 - 0x00007ff967bba000 	C:\WINDOWS\SYSTEM32\dbgcore.DLL
0x00007ff955fa0000 - 0x00007ff955fc9000 	C:\Program Files\Java\jdk-11.0.6\bin\java.dll
0x00007ff954600000 - 0x00007ff95462f000 	C:\Program Files\Java\jdk-11.0.6\bin\instrument.dll
0x00007ff95b7e0000 - 0x00007ff95b7f6000 	C:\Program Files\Java\jdk-11.0.6\bin\zip.dll
0x00007ff968320000 - 0x00007ff96832a000 	C:\Program Files\Java\jdk-11.0.6\bin\jimage.dll
0x00007ff96f100000 - 0x00007ff96f7e4000 	C:\WINDOWS\System32\SHELL32.dll
0x00007ff96f930000 - 0x00007ff96f9d9000 	C:\WINDOWS\System32\shcore.dll
0x00007ff96d600000 - 0x00007ff96dd7e000 	C:\WINDOWS\System32\windows.storage.dll
0x00007ff96d530000 - 0x00007ff96d553000 	C:\WINDOWS\System32\profapi.dll
0x00007ff96d560000 - 0x00007ff96d5aa000 	C:\WINDOWS\System32\powrprof.dll
0x00007ff96d500000 - 0x00007ff96d510000 	C:\WINDOWS\System32\UMPDC.dll
0x00007ff970180000 - 0x00007ff9701d2000 	C:\WINDOWS\System32\shlwapi.dll
0x00007ff96e3a0000 - 0x00007ff96e3b7000 	C:\WINDOWS\System32\cryptsp.dll
0x00007ff955f80000 - 0x00007ff955f99000 	C:\Program Files\Java\jdk-11.0.6\bin\net.dll
0x00007ff968ad0000 - 0x00007ff968bc0000 	C:\WINDOWS\SYSTEM32\WINHTTP.dll
0x00007ff96ccc0000 - 0x00007ff96cd27000 	C:\WINDOWS\system32\mswsock.dll
0x00007ff9552c0000 - 0x00007ff9552d3000 	C:\Program Files\Java\jdk-11.0.6\bin\nio.dll
0x00007ff9521b0000 - 0x00007ff9521ca000 	E:\Program Files\JetBrains\IntelliJ IDEA 2020.1\bin\breakgen64.dll
0x00007ff96ca20000 - 0x00007ff96caeb000 	C:\WINDOWS\SYSTEM32\DNSAPI.dll
0x00007ff96f7f0000 - 0x00007ff96f7f8000 	C:\WINDOWS\System32\NSI.dll
0x00007ff96c9e0000 - 0x00007ff96ca1a000 	C:\WINDOWS\SYSTEM32\IPHLPAPI.DLL
0x00007ff966050000 - 0x00007ff96605a000 	C:\Windows\System32\rasadhlp.dll
0x00007ff967510000 - 0x00007ff967587000 	C:\WINDOWS\System32\fwpuclnt.dll
0x00007ff96e170000 - 0x00007ff96e196000 	C:\WINDOWS\System32\bcrypt.dll
0x00007ff95e9e0000 - 0x00007ff95e9e9000 	C:\Program Files\Java\jdk-11.0.6\bin\management.dll
0x00007ff95e920000 - 0x00007ff95e92c000 	C:\Program Files\Java\jdk-11.0.6\bin\management_ext.dll
0x00007ff96c840000 - 0x00007ff96c873000 	C:\WINDOWS\system32\rsaenh.dll
0x00007ff96d3f0000 - 0x00007ff96d415000 	C:\WINDOWS\SYSTEM32\USERENV.dll
0x00007ff96ce40000 - 0x00007ff96ce4c000 	C:\WINDOWS\SYSTEM32\CRYPTBASE.dll
0x00007ff967b20000 - 0x00007ff967b36000 	C:\WINDOWS\SYSTEM32\dhcpcsvc6.DLL
0x00007ff967bc0000 - 0x00007ff967bdc000 	C:\WINDOWS\SYSTEM32\dhcpcsvc.DLL
0x00007ff959200000 - 0x00007ff959216000 	C:\WINDOWS\system32\napinsp.dll
0x00007ff9591e0000 - 0x00007ff9591fa000 	C:\WINDOWS\system32\pnrpnsp.dll
0x00007ff9591d0000 - 0x00007ff9591de000 	C:\WINDOWS\System32\winrnr.dll
0x00007ff9681c0000 - 0x00007ff9681dc000 	C:\WINDOWS\system32\NLAapi.dll
0x00007ff9692c0000 - 0x00007ff9692d5000 	C:\WINDOWS\system32\wshbth.dll

dbghelp: loaded successfully - version: 4.0.5 - missing functions: none
symbol engine: initialized successfully - sym options: 0x614 - pdb path: .;C:\Program Files\Java\jdk-11.0.6\bin;C:\WINDOWS\SYSTEM32;C:\WINDOWS\WinSxS\amd64_microsoft.windows.common-controls_6595b64144ccf1df_6.0.18362.836_none_e6c4b943130f18ed;C:\Program Files\Java\jdk-11.0.6\bin\server;E:\Program Files\JetBrains\IntelliJ IDEA 2020.1\bin

VM Arguments:
jvm_args: -XX:TieredStopAtLevel=1 -Xverify:none -Dspring.output.ansi.enabled=always -Dcom.sun.management.jmxremote -Dspring.jmx.enabled=true -Dspring.liveBeansView.mbeanDomain -Dspring.application.admin.enabled=true -javaagent:E:\Program Files\JetBrains\IntelliJ IDEA 2020.1\lib\idea_rt.jar=1612:E:\Program Files\JetBrains\IntelliJ IDEA 2020.1\bin -Dfile.encoding=UTF-8 
java_command: com.example.hotphoto.HotphotoApplication
java_class_path (initial): E:\Code\java\hotphoto\target\classes;C:\Users\zoey\.m2\repository\org\springframework\boot\spring-boot-starter-web\2.2.7.RELEASE\spring-boot-starter-web-2.2.7.RELEASE.jar;C:\Users\zoey\.m2\repository\org\springframework\boot\spring-boot-starter\2.2.7.RELEASE\spring-boot-starter-2.2.7.RELEASE.jar;C:\Users\zoey\.m2\repository\org\springframework\boot\spring-boot\2.2.7.RELEASE\spring-boot-2.2.7.RELEASE.jar;C:\Users\zoey\.m2\repository\org\springframework\boot\spring-boot-autoconfigure\2.2.7.RELEASE\spring-boot-autoconfigure-2.2.7.RELEASE.jar;C:\Users\zoey\.m2\repository\org\springframework\boot\spring-boot-starter-logging\2.2.7.RELEASE\spring-boot-starter-logging-2.2.7.RELEASE.jar;C:\Users\zoey\.m2\repository\ch\qos\logback\logback-classic\1.2.3\logback-classic-1.2.3.jar;C:\Users\zoey\.m2\repository\ch\qos\logback\logback-core\1.2.3\logback-core-1.2.3.jar;C:\Users\zoey\.m2\repository\org\apache\logging\log4j\log4j-to-slf4j\2.12.1\log4j-to-slf4j-2.12.1.jar;C:\Users\zoey\.m2\repository\org\apache\logging\log4j\log4j-api\2.12.1\log4j-api-2.12.1.jar;C:\Users\zoey\.m2\repository\org\slf4j\jul-to-slf4j\1.7.30\jul-to-slf4j-1.7.30.jar;C:\Users\zoey\.m2\repository\jakarta\annotation\jakarta.annotation-api\1.3.5\jakarta.annotation-api-1.3.5.jar;C:\Users\zoey\.m2\repository\org\yaml\snakeyaml\1.25\snakeyaml-1.25.jar;C:\Users\zoey\.m2\repository\org\springframework\boot\spring-boot-starter-json\2.2.7.RELEASE\spring-boot-starter-json-2.2.7.RELEASE.jar;C:\Users\zoey\.m2\repository\com\fasterxml\jackson\core\jackson-databind\2.10.4\jackson-databind-2.10.4.jar;C:\Users\zoey\.m2\repository\com\fasterxml\jackson\core\jackson-annotations\2.10.4\jackson-annotations-2.10.4.jar;C:\Users\zoey\.m2\repository\com\fasterxml\jackson\core\jackson-core\2.10.4\jackson-core-2.10.4.jar;C:\Users\zoey\.m2\repository\com\fasterxml\jackson\datatype\jackson-datatype-jdk8\2.10.4\jackson-datatype-jdk8-2.10.4.jar;C:\Users\zoey\.m2\repository\com\fasterxml\jackson\datatype\jackson
Launcher Type: SUN_STANDARD

[Global flags]
     bool BytecodeVerificationLocal                = false                                     {product} {command line}
     bool BytecodeVerificationRemote               = false                                     {product} {command line}
     intx CICompilerCount                          = 3                                         {product} {ergonomic}
     uint ConcGCThreads                            = 1                                         {product} {ergonomic}
     uint G1ConcRefinementThreads                  = 4                                         {product} {ergonomic}
   size_t G1HeapRegionSize                         = 1048576                                   {product} {ergonomic}
    uintx GCDrainStackTargetSize                   = 64                                        {product} {ergonomic}
   size_t InitialHeapSize                          = 134217728                                 {product} {ergonomic}
     bool ManagementServer                         = true                                      {product} {command line}
   size_t MarkStackSize                            = 4194304                                   {product} {ergonomic}
   size_t MaxHeapSize                              = 2118123520                                {product} {ergonomic}
   size_t MaxNewSize                               = 1270874112                                {product} {ergonomic}
   size_t MinHeapDeltaBytes                        = 1048576                                   {product} {ergonomic}
    uintx NonNMethodCodeHeapSize                   = 6973028                                {pd product} {ergonomic}
    uintx NonProfiledCodeHeapSize                  = 244685212                              {pd product} {ergonomic}
    uintx ProfiledCodeHeapSize                     = 0                                      {pd product} {ergonomic}
    uintx ReservedCodeCacheSize                    = 251658240                              {pd product} {ergonomic}
     bool SegmentedCodeCache                       = true                                      {product} {ergonomic}
     intx TieredStopAtLevel                        = 1                                         {product} {command line}
     bool UseCompressedClassPointers               = true                                 {lp64_product} {ergonomic}
     bool UseCompressedOops                        = true                                 {lp64_product} {ergonomic}
     bool UseG1GC                                  = true                                      {product} {ergonomic}
     bool UseLargePagesIndividualAllocation        = false                                  {pd product} {ergonomic}

Logging:
Log output configuration:
 #0: stdout all=warning uptime,level,tags
 #1: stderr all=off uptime,level,tags

Environment Variables:
JAVA_HOME=C:\Program Files\Java\jdk-11.0.6
CLASSPATH=.;C:\Program Files\Java\jdk-11.0.6\lib;C:\Program Files\Java\jdk-11.0.6\lib\tools.jar
PATH=C:\WINDOWS\system32;C:\WINDOWS;C:\WINDOWS\System32\Wbem;C:\WINDOWS\System32\WindowsPowerShell\v1.0\;C:\WINDOWS\System32\OpenSSH\;E:\Program Files\Git\cmd;E:\Program Files\nodejs\;E:\MySql\mysql-5.7.27-win32\bin;C:\MinGW\bin;C:\Program Files\Java\jdk-11.0.6\bin;C:\Users\zoey\AppData\Local\Programs\Python\Python37-32\Scripts\;C:\Users\zoey\AppData\Local\Programs\Python\Python37-32\;C:\Users\zoey\AppData\Local\Microsoft\WindowsApps;;E:\Users\zoey\AppData\Local\Programs\Microsoft VS Code\bin;C:\Users\zoey\AppData\Roaming\npm;C:\Program Files\JetBrains\PyCharm 2019.2\bin;;E:\Users\zoey\AppData\Local\Programs\Fiddler;E:\Program Files\JetBrains\IntelliJ IDEA Community Edition 2020.1\bin;;E:\Program Files\JetBrains\IntelliJ IDEA 2020.1\bin;
USERNAME=zoey
OS=Windows_NT
PROCESSOR_IDENTIFIER=Intel64 Family 6 Model 158 Stepping 9, GenuineIntel



---------------  S Y S T E M  ---------------

OS: Windows 10 , 64 bit Build 18362 (10.0.18362.778)

CPU:total 4 (initial active 4) (4 cores per cpu, 1 threads per core) family 6 model 158 stepping 9, cmov, cx8, fxsr, mmx, sse, sse2, sse3, ssse3, sse4.1, sse4.2, popcnt, avx, avx2, aes, clmul, erms, 3dnowpref, lzcnt, tsc, tscinvbit, bmi1, bmi2, adx, fma

Memory: 4k page, system-wide physical 8073M (1151M free)
TotalPageFile size 12443M (AvailPageFile size 4M)
current process WorkingSet (physical memory assigned to process): 71M, peak: 71M
current process commit charge ("private bytes"): 213M, peak: 213M

vm_info: Java HotSpot(TM) 64-Bit Server VM (11.0.6+8-LTS) for windows-amd64 JRE (11.0.6+8-LTS), built on Dec 11 2019 09:17:57 by "mach5one" with MS VC++ 15.5 (VS2017)

END.
