#
# There is insufficient memory for the Java Runtime Environment to continue.
# Native memory allocation (malloc) failed to allocate 1048576 bytes for AllocateHeap
# Possible reasons:
#   The system is out of physical RAM or swap space
#   The process is running with CompressedOops enabled, and the Java Heap may be blocking the growth of the native heap
# Possible solutions:
#   Reduce memory load on the system
#   Increase physical memory or swap space
#   Check if swap backing store is full
#   Decrease Java heap size (-Xmx/-Xms)
#   Decrease number of Java threads
#   Decrease Java thread stack sizes (-Xss)
#   Set larger code cache with -XX:ReservedCodeCacheSize=
#   JVM is running with Unscaled Compressed Oops mode in which the Java heap is
#     placed in the first 4GB address space. The Java Heap base address is the
#     maximum limit for the native heap growth. Please use -XX:HeapBaseMinAddress
#     to set the Java Heap base and to place the Java Heap above 4GB virtual address.
# This output file may be truncated or incomplete.
#
#  Out of Memory Error (t:/workspace/open/src/hotspot/share/memory/allocation.cpp:46), pid=17716, tid=18320
#
# JRE version: Java(TM) SE Runtime Environment (12.0.1+12) (build 12.0.1+12)
# Java VM: Java HotSpot(TM) 64-Bit Server VM (12.0.1+12, mixed mode, sharing, tiered, compressed oops, g1 gc, windows-amd64)
# No core dump will be written. Minidumps are not enabled by default on client versions of Windows
#

---------------  S U M M A R Y ------------

Command Line: -XX:TieredStopAtLevel=1 -Xverify:none -Dspring.output.ansi.enabled=always -Dcom.sun.management.jmxremote -Dspring.jmx.enabled=true -Dspring.liveBeansView.mbeanDomain -Dspring.application.admin.enabled=true -javaagent:D:\Program Files\JetBrains\IntelliJ IDEA 2020.1\lib\idea_rt.jar=10347:D:\Program Files\JetBrains\IntelliJ IDEA 2020.1\bin -Dfile.encoding=UTF-8 com.example.hotphoto.HotphotoApplication

Host: Intel(R) Core(TM) i7-4710HQ CPU @ 2.50GHz, 8 cores, 7G,  Windows 10 , 64 bit Build 17763 (10.0.17763.475)
Time: Sun May 24 21:45:31 2020 ?D1¨²¡À¨º¡Á?¨º¡À?? elapsed time: 1 seconds (0d 0h 0m 1s)

---------------  T H R E A D  ---------------

Current thread (0x000001ff802bf000):  VMThread "VM Thread" [stack: 0x000000ea09500000,0x000000ea09600000] [id=18320]

Stack: [0x000000ea09500000,0x000000ea09600000]
[error occurred during error reporting (printing stack bounds), id 0xc0000005, EXCEPTION_ACCESS_VIOLATION (0xc0000005) at pc=0x000001ffe9a10bad]

Native frames: (J=compiled Java code, j=interpreted, Vv=VM code, C=native code)
V  [jvm.dll+0x63948a]
V  [jvm.dll+0x78b31f]
V  [jvm.dll+0x78c9c1]
V  [jvm.dll+0x78cf75]
V  [jvm.dll+0x78cf2b]
V  [jvm.dll+0x638b84]
V  [jvm.dll+0x638f58]
C  [ntdll.dll+0xa478f]
C  [ntdll.dll+0x4bef]
C  [ntdll.dll+0xa34fe]
C  0x000001ffe9a10bad

VM_Operation (0x000000ea08ffbf80): CollectForMetadataAllocation, mode: safepoint, requested by thread 0x000001ffe1617800


---------------  P R O C E S S  ---------------

Threads class SMR info:
_java_thread_list=0x000001ff822c2bd0, length=13, elements={
0x000001ffe1617800, 0x000001ff802c2800, 0x000001ff802c8800, 0x000001ff802e6000,
0x000001ff802e7000, 0x000001ff802eb800, 0x000001ff802f4000, 0x000001ff80c57000,
0x000001ff80edf000, 0x000001ff80ee0000, 0x000001ff81095800, 0x000001ff81153000,
0x000001ff821f9800
}

Java Threads: ( => current thread )
  0x000001ffe1617800 JavaThread "main" [_thread_blocked, id=17784, stack(0x000000ea08f00000,0x000000ea09000000)]
  0x000001ff802c2800 JavaThread "Reference Handler" daemon [_thread_blocked, id=6108, stack(0x000000ea09600000,0x000000ea09700000)]
  0x000001ff802c8800 JavaThread "Finalizer" daemon [_thread_blocked, id=7364, stack(0x000000ea09700000,0x000000ea09800000)]
  0x000001ff802e6000 JavaThread "Signal Dispatcher" daemon [_thread_blocked, id=3256, stack(0x000000ea09800000,0x000000ea09900000)]
  0x000001ff802e7000 JavaThread "Attach Listener" daemon [_thread_blocked, id=17248, stack(0x000000ea09900000,0x000000ea09a00000)]
  0x000001ff802eb800 JavaThread "C1 CompilerThread0" daemon [_thread_blocked, id=17812, stack(0x000000ea09a00000,0x000000ea09b00000)]
  0x000001ff802f4000 JavaThread "Sweeper thread" daemon [_thread_blocked, id=8720, stack(0x000000ea09b00000,0x000000ea09c00000)]
  0x000001ff80c57000 JavaThread "Common-Cleaner" daemon [_thread_blocked, id=18272, stack(0x000000ea09c00000,0x000000ea09d00000)]
  0x000001ff80edf000 JavaThread "Monitor Ctrl-Break" daemon [_thread_in_native, id=16412, stack(0x000000ea09d00000,0x000000ea09e00000)]
  0x000001ff80ee0000 JavaThread "Service Thread" daemon [_thread_blocked, id=9504, stack(0x000000ea09e00000,0x000000ea09f00000)]
  0x000001ff81095800 JavaThread "RMI TCP Accept-0" daemon [_thread_in_native, id=17996, stack(0x000000ea09f00000,0x000000ea0a000000)]
  0x000001ff81153000 JavaThread "RMI TCP Connection(1)-192.168.31.138" daemon [_thread_in_native, id=18348, stack(0x000000ea0a100000,0x000000ea0a200000)]
  0x000001ff821f9800 JavaThread "RMI Scheduler(0)" daemon [_thread_blocked, id=17532, stack(0x000000ea0a500000,0x000000ea0a600000)]

Other Threads:
=>0x000001ff802bf000 VMThread "VM Thread" [stack: 0x000000ea09500000,0x000000ea09600000] [id=18320]
  0x000001ff8108f800 WatcherThread [stack: 0x000000ea0a000000,0x000000ea0a100000] [id=2932]
  0x000001ffe1656800 GCTaskThread "GC Thread#0" [stack: 0x000000ea09000000,0x000000ea09100000] [id=10748]
  0x000001ff81518800 GCTaskThread "GC Thread#1" [stack: 0x000000ea0a200000,0x000000ea0a300000] [id=7896]
  0x000001ff81514000 GCTaskThread "GC Thread#2" [stack: 0x000000ea0a300000,0x000000ea0a400000] [id=15636]
  0x000001ff81516800 GCTaskThread "GC Thread#3" [stack: 0x000000ea0a400000,0x000000ea0a500000] [id=8032]
  0x000001ffe1666000 ConcurrentGCThread "G1 Main Marker" [stack: 0x000000ea09100000,0x000000ea09200000] [id=17508]
  0x000001ffe1669000 ConcurrentGCThread "G1 Conc#0" [stack: 0x000000ea09200000,0x000000ea09300000] [id=9068]
  0x000001ff8151a000 ConcurrentGCThread "G1 Conc#1" [stack: 0x000000ea0a600000,0x000000ea0a700000] [id=1748]
  0x000001ffe16dd800 ConcurrentGCThread "G1 Refine#0" [stack: 0x000000ea09300000,0x000000ea09400000] [id=17412]
  0x000001ffe16de800 ConcurrentGCThread "G1 Young RemSet Sampling" [stack: 0x000000ea09400000,0x000000ea09500000] [id=16844]

Threads with active compile tasks:
C1 CompilerThread0  2705       1       org.springframework.core.type.AnnotatedTypeMetadata::getAllAnnotationAttributes (59 bytes)

VM state:at safepoint (normal execution)

VM Mutex/Monitor currently owned by a thread:  ([mutex/lock_event])
[0x000001ffe1613c60] Threads_lock - owner thread: 0x000001ff802bf000
[0x000001ffe1613cf0] Heap_lock - owner thread: 0x000001ffe1617800

Heap address: 0x0000000081c00000, size: 2020 MB, Compressed Oops mode: 32-bit
Narrow klass base: 0x0000000800000000, Narrow klass shift: 3
Compressed class space size: 1073741824 Address: 0x00000008011a0000

Heap:
 garbage-first heap   total 131072K, used 10443K [0x0000000081c00000, 0x0000000100000000)
  region size 1024K, 5 young (5120K), 5 survivors (5120K)
 Metaspace       used 19967K, capacity 20705K, committed 20736K, reserved 1067008K
  class space    used 2753K, capacity 3049K, committed 3072K, reserved 1048576K
Heap Regions: E=young(eden), S=young(survivor), O=old, HS=humongous(starts), HC=humongous(continues), CS=collection set, F=free, A=archive, TAMS=top-at-mark-start (previous, next)
|   0|0x0000000081c00000, 0x0000000081d00000, 0x0000000081d00000|100%| O|  |TAMS 0x0000000081c00000, 0x0000000081d00000| Untracked 
|   1|0x0000000081d00000, 0x0000000081e00000, 0x0000000081e00000|100%| O|  |TAMS 0x0000000081d00000, 0x0000000081e00000| Untracked 
|   2|0x0000000081e00000, 0x0000000081f00000, 0x0000000081f00000|100%| O|  |TAMS 0x0000000081e00000, 0x0000000081ea8000| Untracked 
|   3|0x0000000081f00000, 0x0000000082000000, 0x0000000082000000|100%| O|  |TAMS 0x0000000081f00000, 0x0000000081f00000| Untracked 
|   4|0x0000000082000000, 0x0000000082100000, 0x0000000082100000|100%| O|  |TAMS 0x0000000082000000, 0x0000000082000000| Untracked 
|   5|0x0000000082100000, 0x00000000821ba800, 0x0000000082200000| 72%| O|  |TAMS 0x0000000082100000, 0x0000000082100000| Untracked 
|   6|0x0000000082200000, 0x0000000082200000, 0x0000000082300000|  0%| F|  |TAMS 0x0000000082200000, 0x0000000082200000| Untracked 
|   7|0x0000000082300000, 0x0000000082300000, 0x0000000082400000|  0%| F|  |TAMS 0x0000000082300000, 0x0000000082300000| Untracked 
|   8|0x0000000082400000, 0x0000000082400000, 0x0000000082500000|  0%| F|  |TAMS 0x0000000082400000, 0x0000000082400000| Untracked 
|   9|0x0000000082500000, 0x0000000082500000, 0x0000000082600000|  0%| F|  |TAMS 0x0000000082500000, 0x0000000082500000| Untracked 
|  10|0x0000000082600000, 0x0000000082600000, 0x0000000082700000|  0%| F|  |TAMS 0x0000000082600000, 0x0000000082600000| Untracked 
|  11|0x0000000082700000, 0x0000000082700000, 0x0000000082800000|  0%| F|  |TAMS 0x0000000082700000, 0x0000000082700000| Untracked 
|  12|0x0000000082800000, 0x0000000082800000, 0x0000000082900000|  0%| F|  |TAMS 0x0000000082800000, 0x0000000082800000| Untracked 
|  13|0x0000000082900000, 0x0000000082900000, 0x0000000082a00000|  0%| F|  |TAMS 0x0000000082900000, 0x0000000082900000| Untracked 
|  14|0x0000000082a00000, 0x0000000082a00000, 0x0000000082b00000|  0%| F|  |TAMS 0x0000000082a00000, 0x0000000082a00000| Untracked 
|  15|0x0000000082b00000, 0x0000000082b00000, 0x0000000082c00000|  0%| F|  |TAMS 0x0000000082b00000, 0x0000000082b00000| Untracked 
|  16|0x0000000082c00000, 0x0000000082c00000, 0x0000000082d00000|  0%| F|  |TAMS 0x0000000082c00000, 0x0000000082c00000| Untracked 
|  17|0x0000000082d00000, 0x0000000082d00000, 0x0000000082e00000|  0%| F|  |TAMS 0x0000000082d00000, 0x0000000082d00000| Untracked 
|  18|0x0000000082e00000, 0x0000000082e00000, 0x0000000082f00000|  0%| F|  |TAMS 0x0000000082e00000, 0x0000000082e00000| Untracked 
|  19|0x0000000082f00000, 0x0000000082f00000, 0x0000000083000000|  0%| F|  |TAMS 0x0000000082f00000, 0x0000000082f00000| Untracked 
|  20|0x0000000083000000, 0x0000000083000000, 0x0000000083100000|  0%| F|  |TAMS 0x0000000083000000, 0x0000000083000000| Untracked 
|  21|0x0000000083100000, 0x0000000083100000, 0x0000000083200000|  0%| F|  |TAMS 0x0000000083100000, 0x0000000083100000| Untracked 
|  22|0x0000000083200000, 0x0000000083200000, 0x0000000083300000|  0%| F|  |TAMS 0x0000000083200000, 0x0000000083200000| Untracked 
|  23|0x0000000083300000, 0x0000000083300000, 0x0000000083400000|  0%| F|  |TAMS 0x0000000083300000, 0x0000000083300000| Untracked 
|  24|0x0000000083400000, 0x0000000083400000, 0x0000000083500000|  0%| F|  |TAMS 0x0000000083400000, 0x0000000083400000| Untracked 
|  25|0x0000000083500000, 0x0000000083500000, 0x0000000083600000|  0%| F|  |TAMS 0x0000000083500000, 0x0000000083500000| Untracked 
|  26|0x0000000083600000, 0x0000000083600000, 0x0000000083700000|  0%| F|  |TAMS 0x0000000083600000, 0x0000000083600000| Untracked 
|  27|0x0000000083700000, 0x0000000083700000, 0x0000000083800000|  0%| F|  |TAMS 0x0000000083700000, 0x0000000083700000| Untracked 
|  28|0x0000000083800000, 0x0000000083800000, 0x0000000083900000|  0%| F|  |TAMS 0x0000000083800000, 0x0000000083800000| Untracked 
|  29|0x0000000083900000, 0x0000000083900000, 0x0000000083a00000|  0%| F|  |TAMS 0x0000000083900000, 0x0000000083900000| Untracked 
|  30|0x0000000083a00000, 0x0000000083a00000, 0x0000000083b00000|  0%| F|  |TAMS 0x0000000083a00000, 0x0000000083a00000| Untracked 
|  31|0x0000000083b00000, 0x0000000083b00000, 0x0000000083c00000|  0%| F|  |TAMS 0x0000000083b00000, 0x0000000083b00000| Untracked 
|  32|0x0000000083c00000, 0x0000000083c00000, 0x0000000083d00000|  0%| F|  |TAMS 0x0000000083c00000, 0x0000000083c00000| Untracked 
|  33|0x0000000083d00000, 0x0000000083d00000, 0x0000000083e00000|  0%| F|  |TAMS 0x0000000083d00000, 0x0000000083d00000| Untracked 
|  34|0x0000000083e00000, 0x0000000083e00000, 0x0000000083f00000|  0%| F|  |TAMS 0x0000000083e00000, 0x0000000083e00000| Untracked 
|  35|0x0000000083f00000, 0x0000000083f00000, 0x0000000084000000|  0%| F|  |TAMS 0x0000000083f00000, 0x0000000083f00000| Untracked 
|  36|0x0000000084000000, 0x0000000084000000, 0x0000000084100000|  0%| F|  |TAMS 0x0000000084000000, 0x0000000084000000| Untracked 
|  37|0x0000000084100000, 0x0000000084100000, 0x0000000084200000|  0%| F|  |TAMS 0x0000000084100000, 0x0000000084100000| Untracked 
|  38|0x0000000084200000, 0x0000000084200000, 0x0000000084300000|  0%| F|  |TAMS 0x0000000084200000, 0x0000000084200000| Untracked 
|  39|0x0000000084300000, 0x0000000084300000, 0x0000000084400000|  0%| F|  |TAMS 0x0000000084300000, 0x0000000084300000| Untracked 
|  40|0x0000000084400000, 0x0000000084400000, 0x0000000084500000|  0%| F|  |TAMS 0x0000000084400000, 0x0000000084400000| Untracked 
|  41|0x0000000084500000, 0x0000000084500000, 0x0000000084600000|  0%| F|  |TAMS 0x0000000084500000, 0x0000000084500000| Untracked 
|  42|0x0000000084600000, 0x0000000084600000, 0x0000000084700000|  0%| F|  |TAMS 0x0000000084600000, 0x0000000084600000| Untracked 
|  43|0x0000000084700000, 0x0000000084700000, 0x0000000084800000|  0%| F|  |TAMS 0x0000000084700000, 0x0000000084700000| Untracked 
|  44|0x0000000084800000, 0x0000000084800000, 0x0000000084900000|  0%| F|  |TAMS 0x0000000084800000, 0x0000000084800000| Untracked 
|  45|0x0000000084900000, 0x0000000084900000, 0x0000000084a00000|  0%| F|  |TAMS 0x0000000084900000, 0x0000000084900000| Untracked 
|  46|0x0000000084a00000, 0x0000000084a00000, 0x0000000084b00000|  0%| F|  |TAMS 0x0000000084a00000, 0x0000000084a00000| Untracked 
|  47|0x0000000084b00000, 0x0000000084b00000, 0x0000000084c00000|  0%| F|  |TAMS 0x0000000084b00000, 0x0000000084b00000| Untracked 
|  48|0x0000000084c00000, 0x0000000084c00000, 0x0000000084d00000|  0%| F|  |TAMS 0x0000000084c00000, 0x0000000084c00000| Untracked 
|  49|0x0000000084d00000, 0x0000000084d00000, 0x0000000084e00000|  0%| F|  |TAMS 0x0000000084d00000, 0x0000000084d00000| Untracked 
|  50|0x0000000084e00000, 0x0000000084e00000, 0x0000000084f00000|  0%| F|  |TAMS 0x0000000084e00000, 0x0000000084e00000| Untracked 
|  51|0x0000000084f00000, 0x0000000084f00000, 0x0000000085000000|  0%| F|  |TAMS 0x0000000084f00000, 0x0000000084f00000| Untracked 
|  52|0x0000000085000000, 0x0000000085000000, 0x0000000085100000|  0%| F|  |TAMS 0x0000000085000000, 0x0000000085000000| Untracked 
|  53|0x0000000085100000, 0x0000000085100000, 0x0000000085200000|  0%| F|  |TAMS 0x0000000085100000, 0x0000000085100000| Untracked 
|  54|0x0000000085200000, 0x0000000085200000, 0x0000000085300000|  0%| F|  |TAMS 0x0000000085200000, 0x0000000085200000| Untracked 
|  55|0x0000000085300000, 0x0000000085300000, 0x0000000085400000|  0%| F|  |TAMS 0x0000000085300000, 0x0000000085300000| Untracked 
|  56|0x0000000085400000, 0x0000000085400000, 0x0000000085500000|  0%| F|  |TAMS 0x0000000085400000, 0x0000000085400000| Untracked 
|  57|0x0000000085500000, 0x0000000085500000, 0x0000000085600000|  0%| F|  |TAMS 0x0000000085500000, 0x0000000085500000| Untracked 
|  58|0x0000000085600000, 0x0000000085600000, 0x0000000085700000|  0%| F|  |TAMS 0x0000000085600000, 0x0000000085600000| Untracked 
|  59|0x0000000085700000, 0x0000000085700000, 0x0000000085800000|  0%| F|  |TAMS 0x0000000085700000, 0x0000000085700000| Untracked 
|  60|0x0000000085800000, 0x0000000085800000, 0x0000000085900000|  0%| F|  |TAMS 0x0000000085800000, 0x0000000085800000| Untracked 
|  61|0x0000000085900000, 0x0000000085900000, 0x0000000085a00000|  0%| F|  |TAMS 0x0000000085900000, 0x0000000085900000| Untracked 
|  62|0x0000000085a00000, 0x0000000085a00000, 0x0000000085b00000|  0%| F|  |TAMS 0x0000000085a00000, 0x0000000085a00000| Untracked 
|  63|0x0000000085b00000, 0x0000000085b00000, 0x0000000085c00000|  0%| F|  |TAMS 0x0000000085b00000, 0x0000000085b00000| Untracked 
|  64|0x0000000085c00000, 0x0000000085c00000, 0x0000000085d00000|  0%| F|  |TAMS 0x0000000085c00000, 0x0000000085c00000| Untracked 
|  65|0x0000000085d00000, 0x0000000085d00000, 0x0000000085e00000|  0%| F|  |TAMS 0x0000000085d00000, 0x0000000085d00000| Untracked 
|  66|0x0000000085e00000, 0x0000000085e00000, 0x0000000085f00000|  0%| F|  |TAMS 0x0000000085e00000, 0x0000000085e00000| Untracked 
|  67|0x0000000085f00000, 0x0000000085f00000, 0x0000000086000000|  0%| F|  |TAMS 0x0000000085f00000, 0x0000000085f00000| Untracked 
|  68|0x0000000086000000, 0x0000000086000000, 0x0000000086100000|  0%| F|  |TAMS 0x0000000086000000, 0x0000000086000000| Untracked 
|  69|0x0000000086100000, 0x0000000086100000, 0x0000000086200000|  0%| F|  |TAMS 0x0000000086100000, 0x0000000086100000| Untracked 
|  70|0x0000000086200000, 0x0000000086200000, 0x0000000086300000|  0%| F|  |TAMS 0x0000000086200000, 0x0000000086200000| Untracked 
|  71|0x0000000086300000, 0x0000000086300000, 0x0000000086400000|  0%| F|  |TAMS 0x0000000086300000, 0x0000000086300000| Untracked 
|  72|0x0000000086400000, 0x0000000086400000, 0x0000000086500000|  0%| F|  |TAMS 0x0000000086400000, 0x0000000086400000| Untracked 
|  73|0x0000000086500000, 0x0000000086500000, 0x0000000086600000|  0%| F|  |TAMS 0x0000000086500000, 0x0000000086500000| Untracked 
|  74|0x0000000086600000, 0x0000000086600000, 0x0000000086700000|  0%| F|  |TAMS 0x0000000086600000, 0x0000000086600000| Untracked 
|  75|0x0000000086700000, 0x0000000086700000, 0x0000000086800000|  0%| F|  |TAMS 0x0000000086700000, 0x0000000086700000| Untracked 
|  76|0x0000000086800000, 0x0000000086800000, 0x0000000086900000|  0%| F|  |TAMS 0x0000000086800000, 0x0000000086800000| Untracked 
|  77|0x0000000086900000, 0x0000000086900000, 0x0000000086a00000|  0%| F|  |TAMS 0x0000000086900000, 0x0000000086900000| Untracked 
|  78|0x0000000086a00000, 0x0000000086a00000, 0x0000000086b00000|  0%| F|  |TAMS 0x0000000086a00000, 0x0000000086a00000| Untracked 
|  79|0x0000000086b00000, 0x0000000086b00000, 0x0000000086c00000|  0%| F|  |TAMS 0x0000000086b00000, 0x0000000086b00000| Untracked 
|  80|0x0000000086c00000, 0x0000000086c00000, 0x0000000086d00000|  0%| F|  |TAMS 0x0000000086c00000, 0x0000000086c00000| Untracked 
|  81|0x0000000086d00000, 0x0000000086d00000, 0x0000000086e00000|  0%| F|  |TAMS 0x0000000086d00000, 0x0000000086d00000| Untracked 
|  82|0x0000000086e00000, 0x0000000086e00000, 0x0000000086f00000|  0%| F|  |TAMS 0x0000000086e00000, 0x0000000086e00000| Untracked 
|  83|0x0000000086f00000, 0x0000000086f00000, 0x0000000087000000|  0%| F|  |TAMS 0x0000000086f00000, 0x0000000086f00000| Untracked 
|  84|0x0000000087000000, 0x0000000087000000, 0x0000000087100000|  0%| F|  |TAMS 0x0000000087000000, 0x0000000087000000| Untracked 
|  85|0x0000000087100000, 0x00000000871785b0, 0x0000000087200000| 47%| S|CS|TAMS 0x0000000087100000, 0x0000000087100000| Complete 
|  86|0x0000000087200000, 0x0000000087300000, 0x0000000087300000|100%| S|CS|TAMS 0x0000000087200000, 0x0000000087200000| Complete 
|  87|0x0000000087300000, 0x0000000087400000, 0x0000000087400000|100%| S|CS|TAMS 0x0000000087300000, 0x0000000087300000| Complete 
|  88|0x0000000087400000, 0x0000000087500000, 0x0000000087500000|100%| S|CS|TAMS 0x0000000087400000, 0x0000000087400000| Complete 
|  89|0x0000000087500000, 0x0000000087600000, 0x0000000087600000|100%| S|CS|TAMS 0x0000000087500000, 0x0000000087500000| Complete 
|  90|0x0000000087600000, 0x0000000087600000, 0x0000000087700000|  0%| F|  |TAMS 0x0000000087600000, 0x0000000087600000| Untracked 
|  91|0x0000000087700000, 0x0000000087700000, 0x0000000087800000|  0%| F|  |TAMS 0x0000000087700000, 0x0000000087700000| Untracked 
|  92|0x0000000087800000, 0x0000000087800000, 0x0000000087900000|  0%| F|  |TAMS 0x0000000087800000, 0x0000000087800000| Untracked 
|  93|0x0000000087900000, 0x0000000087900000, 0x0000000087a00000|  0%| F|  |TAMS 0x0000000087900000, 0x0000000087900000| Untracked 
|  94|0x0000000087a00000, 0x0000000087a00000, 0x0000000087b00000|  0%| F|  |TAMS 0x0000000087a00000, 0x0000000087a00000| Untracked 
|  95|0x0000000087b00000, 0x0000000087b00000, 0x0000000087c00000|  0%| F|  |TAMS 0x0000000087b00000, 0x0000000087b00000| Untracked 
|  96|0x0000000087c00000, 0x0000000087c00000, 0x0000000087d00000|  0%| F|  |TAMS 0x0000000087c00000, 0x0000000087c00000| Untracked 
|  97|0x0000000087d00000, 0x0000000087d00000, 0x0000000087e00000|  0%| F|  |TAMS 0x0000000087d00000, 0x0000000087d00000| Untracked 
|  98|0x0000000087e00000, 0x0000000087e00000, 0x0000000087f00000|  0%| F|  |TAMS 0x0000000087e00000, 0x0000000087e00000| Untracked 
|  99|0x0000000087f00000, 0x0000000087f00000, 0x0000000088000000|  0%| F|  |TAMS 0x0000000087f00000, 0x0000000087f00000| Untracked 
| 100|0x0000000088000000, 0x0000000088000000, 0x0000000088100000|  0%| F|  |TAMS 0x0000000088000000, 0x0000000088000000| Untracked 
| 101|0x0000000088100000, 0x0000000088100000, 0x0000000088200000|  0%| F|  |TAMS 0x0000000088100000, 0x0000000088100000| Untracked 
| 102|0x0000000088200000, 0x0000000088200000, 0x0000000088300000|  0%| F|  |TAMS 0x0000000088200000, 0x0000000088200000| Untracked 
| 103|0x0000000088300000, 0x0000000088300000, 0x0000000088400000|  0%| F|  |TAMS 0x0000000088300000, 0x0000000088300000| Untracked 
| 104|0x0000000088400000, 0x0000000088400000, 0x0000000088500000|  0%| F|  |TAMS 0x0000000088400000, 0x0000000088400000| Untracked 
| 105|0x0000000088500000, 0x0000000088500000, 0x0000000088600000|  0%| F|  |TAMS 0x0000000088500000, 0x0000000088500000| Untracked 
| 106|0x0000000088600000, 0x0000000088600000, 0x0000000088700000|  0%| F|  |TAMS 0x0000000088600000, 0x0000000088600000| Untracked 
| 107|0x0000000088700000, 0x0000000088700000, 0x0000000088800000|  0%| F|  |TAMS 0x0000000088700000, 0x0000000088700000| Untracked 
| 108|0x0000000088800000, 0x0000000088800000, 0x0000000088900000|  0%| F|  |TAMS 0x0000000088800000, 0x0000000088800000| Untracked 
| 109|0x0000000088900000, 0x0000000088900000, 0x0000000088a00000|  0%| F|  |TAMS 0x0000000088900000, 0x0000000088900000| Untracked 
| 110|0x0000000088a00000, 0x0000000088a00000, 0x0000000088b00000|  0%| F|  |TAMS 0x0000000088a00000, 0x0000000088a00000| Untracked 
| 111|0x0000000088b00000, 0x0000000088b00000, 0x0000000088c00000|  0%| F|  |TAMS 0x0000000088b00000, 0x0000000088b00000| Untracked 
| 112|0x0000000088c00000, 0x0000000088c00000, 0x0000000088d00000|  0%| F|  |TAMS 0x0000000088c00000, 0x0000000088c00000| Untracked 
| 113|0x0000000088d00000, 0x0000000088d00000, 0x0000000088e00000|  0%| F|  |TAMS 0x0000000088d00000, 0x0000000088d00000| Untracked 
| 114|0x0000000088e00000, 0x0000000088e00000, 0x0000000088f00000|  0%| F|  |TAMS 0x0000000088e00000, 0x0000000088e00000| Untracked 
| 115|0x0000000088f00000, 0x0000000088f00000, 0x0000000089000000|  0%| F|  |TAMS 0x0000000088f00000, 0x0000000088f00000| Untracked 
| 116|0x0000000089000000, 0x0000000089000000, 0x0000000089100000|  0%| F|  |TAMS 0x0000000089000000, 0x0000000089000000| Untracked 
| 117|0x0000000089100000, 0x0000000089100000, 0x0000000089200000|  0%| F|  |TAMS 0x0000000089100000, 0x0000000089100000| Untracked 
| 118|0x0000000089200000, 0x0000000089200000, 0x0000000089300000|  0%| F|  |TAMS 0x0000000089200000, 0x0000000089200000| Untracked 
| 119|0x0000000089300000, 0x0000000089300000, 0x0000000089400000|  0%| F|  |TAMS 0x0000000089300000, 0x0000000089300000| Untracked 
| 120|0x0000000089400000, 0x0000000089400000, 0x0000000089500000|  0%| F|  |TAMS 0x0000000089400000, 0x0000000089400000| Untracked 
| 121|0x0000000089500000, 0x0000000089500000, 0x0000000089600000|  0%| F|  |TAMS 0x0000000089500000, 0x0000000089500000| Untracked 
| 122|0x0000000089600000, 0x0000000089600000, 0x0000000089700000|  0%| F|  |TAMS 0x0000000089600000, 0x0000000089600000| Untracked 
| 123|0x0000000089700000, 0x0000000089700000, 0x0000000089800000|  0%| F|  |TAMS 0x0000000089700000, 0x0000000089700000| Untracked 
| 124|0x0000000089800000, 0x0000000089800000, 0x0000000089900000|  0%| F|  |TAMS 0x0000000089800000, 0x0000000089800000| Untracked 
| 125|0x0000000089900000, 0x0000000089900000, 0x0000000089a00000|  0%| F|  |TAMS 0x0000000089900000, 0x0000000089900000| Untracked 
| 126|0x0000000089a00000, 0x0000000089a00000, 0x0000000089b00000|  0%| F|  |TAMS 0x0000000089a00000, 0x0000000089a00000| Untracked 
| 127|0x0000000089b00000, 0x0000000089b00000, 0x0000000089c00000|  0%| F|  |TAMS 0x0000000089b00000, 0x0000000089b00000| Untracked 

Card table byte_map: [0x000001fff9140000,0x000001fff9540000] _byte_map_base: 0x000001fff8d32000

Marking Bits (Prev, Next): (CMBitMap*) 0x000001ffe1658778, (CMBitMap*) 0x000001ffe16587b8
 Prev Bits: [0x000001fff9940000, 0x000001fffb8d0000)
 Next Bits: [0x000001fffb8d0000, 0x000001fffd860000)

Polling page: 0x000001ffdf4c0000

Metaspace:

Usage:
  Non-class:     17.24 MB capacity,    16.81 MB ( 97%) used,   365.57 KB (  2%) free+waste,    76.19 KB ( <1%) overhead. 
      Class:      2.98 MB capacity,     2.69 MB ( 90%) used,   255.91 KB (  8%) free+waste,    39.94 KB (  1%) overhead. 
       Both:     20.22 MB capacity,    19.50 MB ( 96%) used,   621.48 KB (  3%) free+waste,   116.13 KB ( <1%) overhead. 

Virtual space:
  Non-class space:       18.00 MB reserved,      17.25 MB ( 96%) committed 
      Class space:        1.00 GB reserved,       3.00 MB ( <1%) committed 
             Both:        1.02 GB reserved,      20.25 MB (  2%) committed 

Chunk freelists:
   Non-Class:  1.00 KB
       Class:  2.88 KB
        Both:  3.88 KB

CodeHeap 'non-profiled nmethods': size=238336Kb used=4249Kb max_used=4249Kb free=234087Kb
 bounds [0x000001ffea150000, 0x000001ffea580000, 0x000001fff8a10000]
CodeHeap 'non-nmethods': size=7424Kb used=1175Kb max_used=1175Kb free=6248Kb
 bounds [0x000001ffe9a10000, 0x000001ffe9c80000, 0x000001ffea150000]
 total_blobs=3212 nmethods=2681 adapters=425
 compilation: enabled
              stopped_count=1, restarted_count=1
 full_count=1

Compilation events (10 events):
Event: 1.970 Thread 0x000001ff802eb800 nmethod 2695 0x000001ffea572b90 code [0x000001ffea572da0, 0x000001ffea5731e0]
Event: 1.970 Thread 0x000001ff802eb800 2710       1       org.springframework.beans.factory.support.AbstractBeanDefinition::getBeanClassName (25 bytes)
Event: 1.971 Thread 0x000001ff802eb800 nmethod 2710 0x000001ffea573390 code [0x000001ffea573560, 0x000001ffea573830]
Event: 1.971 Thread 0x000001ff802eb800 2697       1       java.lang.reflect.ProxyGenerator::getMethodDescriptor (37 bytes)
Event: 1.971 Thread 0x000001ff802eb800 nmethod 2697 0x000001ffea573910 code [0x000001ffea573b20, 0x000001ffea573ef0]
Event: 1.971 Thread 0x000001ff802eb800 2698       1       java.lang.reflect.ProxyGenerator$ConstantPool::getInterfaceMethodRef (33 bytes)
Event: 1.971 Thread 0x000001ff802eb800 nmethod 2698 0x000001ffea574090 code [0x000001ffea5742e0, 0x000001ffea574910]
Event: 1.971 Thread 0x000001ff802eb800 2699       1       java.lang.reflect.ProxyGenerator$ProxyMethod::codeUnwrapReturnValue (213 bytes)
Event: 1.972 Thread 0x000001ff802eb800 nmethod 2699 0x000001ffea574c10 code [0x000001ffea574fe0, 0x000001ffea576130]
Event: 1.972 Thread 0x000001ff802eb800 2705       1       org.springframework.core.type.AnnotatedTypeMetadata::getAllAnnotationAttributes (59 bytes)

GC Heap History (6 events):
Event: 1.082 GC heap before
{Heap before GC invocations=0 (full 0):
 garbage-first heap   total 131072K, used 24576K [0x0000000081c00000, 0x0000000100000000)
  region size 1024K, 24 young (24576K), 0 survivors (0K)
 Metaspace       used 7283K, capacity 7627K, committed 7680K, reserved 1056768K
  class space    used 924K, capacity 1023K, committed 1024K, reserved 1048576K
}
Event: 1.098 GC heap after
{Heap after GC invocations=1 (full 0):
 garbage-first heap   total 131072K, used 5792K [0x0000000081c00000, 0x0000000100000000)
  region size 1024K, 3 young (3072K), 3 survivors (3072K)
 Metaspace       used 7283K, capacity 7627K, committed 7680K, reserved 1056768K
  class space    used 924K, capacity 1023K, committed 1024K, reserved 1048576K
}
Event: 1.550 GC heap before
{Heap before GC invocations=1 (full 0):
 garbage-first heap   total 131072K, used 53920K [0x0000000081c00000, 0x0000000100000000)
  region size 1024K, 50 young (51200K), 3 survivors (3072K)
 Metaspace       used 16527K, capacity 17167K, committed 17408K, reserved 1064960K
  class space    used 2248K, capacity 2467K, committed 2560K, reserved 1048576K
}
Event: 1.559 GC heap after
{Heap after GC invocations=2 (full 0):
 garbage-first heap   total 131072K, used 8176K [0x0000000081c00000, 0x0000000100000000)
  region size 1024K, 6 young (6144K), 6 survivors (6144K)
 Metaspace       used 16527K, capacity 17167K, committed 17408K, reserved 1064960K
  class space    used 2248K, capacity 2467K, committed 2560K, reserved 1048576K
}
Event: 1.973 GC heap before
{Heap before GC invocations=2 (full 0):
 garbage-first heap   total 131072K, used 46064K [0x0000000081c00000, 0x0000000100000000)
  region size 1024K, 44 young (45056K), 6 survivors (6144K)
 Metaspace       used 19967K, capacity 20705K, committed 20736K, reserved 1067008K
  class space    used 2753K, capacity 3049K, committed 3072K, reserved 1048576K
}
Event: 1.982 GC heap after
{Heap after GC invocations=3 (full 0):
 garbage-first heap   total 131072K, used 10443K [0x0000000081c00000, 0x0000000100000000)
  region size 1024K, 5 young (5120K), 5 survivors (5120K)
 Metaspace       used 19967K, capacity 20705K, committed 20736K, reserved 1067008K
  class space    used 2753K, capacity 3049K, committed 3072K, reserved 1048576K
}

Deoptimization events (0 events):
No events

Classes redefined (0 events):
No events

Internal exceptions (10 events):
Event: 1.710 Thread 0x000001ffe1617800 Exception <a 'java/lang/NoSuchMethodError'{0x0000000088d63b78}: java.lang.invoke.DirectMethodHandle$Holder.invokeInterface(Ljava/lang/Object;Ljava/lang/Object;Ljava/lang/Object;Ljava/lang/Object;)V> (0x0000000088d63b78) thrown at [t:/workspace/open/src/ho
Event: 1.949 Thread 0x000001ffe1617800 Exception <a 'java/lang/ClassNotFoundException'{0x00000000878eb138}: java/lang/ObjectCustomizer> (0x00000000878eb138) thrown at [t:/workspace/open/src/hotspot/share/classfile/systemDictionary.cpp, line 235]
Event: 1.950 Thread 0x000001ffe1617800 Exception <a 'java/lang/ClassNotFoundException'{0x00000000878f6f78}: org/mybatis/spring/mapper/MapperScannerConfigurerCustomizer> (0x00000000878f6f78) thrown at [t:/workspace/open/src/hotspot/share/classfile/systemDictionary.cpp, line 235]
Event: 1.951 Thread 0x000001ffe1617800 Exception <a 'java/lang/ClassNotFoundException'{0x000000008771d350}: org/springframework/beans/factory/support/BeanDefinitionRegistryPostProcessorCustomizer> (0x000000008771d350) thrown at [t:/workspace/open/src/hotspot/share/classfile/systemDictionary.cp
Event: 1.952 Thread 0x000001ffe1617800 Exception <a 'java/lang/ClassNotFoundException'{0x0000000087727a38}: org/springframework/beans/factory/config/BeanFactoryPostProcessorCustomizer> (0x0000000087727a38) thrown at [t:/workspace/open/src/hotspot/share/classfile/systemDictionary.cpp, line 235]
Event: 1.952 Thread 0x000001ffe1617800 Exception <a 'java/lang/ClassNotFoundException'{0x0000000087730fc0}: org/springframework/beans/factory/InitializingBeanCustomizer> (0x0000000087730fc0) thrown at [t:/workspace/open/src/hotspot/share/classfile/systemDictionary.cpp, line 235]
Event: 1.952 Thread 0x000001ffe1617800 Exception <a 'java/lang/ClassNotFoundException'{0x000000008773a528}: org/springframework/context/ApplicationContextAwareCustomizer> (0x000000008773a528) thrown at [t:/workspace/open/src/hotspot/share/classfile/systemDictionary.cpp, line 235]
Event: 1.952 Thread 0x000001ffe1617800 Exception <a 'java/lang/ClassNotFoundException'{0x00000000877438f0}: org/springframework/beans/factory/AwareCustomizer> (0x00000000877438f0) thrown at [t:/workspace/open/src/hotspot/share/classfile/systemDictionary.cpp, line 235]
Event: 1.953 Thread 0x000001ffe1617800 Exception <a 'java/lang/ClassNotFoundException'{0x000000008774bb38}: org/springframework/beans/factory/BeanNameAwareCustomizer> (0x000000008774bb38) thrown at [t:/workspace/open/src/hotspot/share/classfile/systemDictionary.cpp, line 235]
Event: 1.953 Thread 0x000001ffe1617800 Exception <a 'java/lang/ClassNotFoundException'{0x0000000087754728}: org/springframework/beans/factory/AwareCustomizer> (0x0000000087754728) thrown at [t:/workspace/open/src/hotspot/share/classfile/systemDictionary.cpp, line 235]

Events (10 events):
Event: 1.970 loading class org/springframework/boot/autoconfigure/http/JsonbHttpMessageConvertersConfiguration done
Event: 1.970 loading class org/springframework/boot/autoconfigure/http/HttpMessageConvertersAutoConfiguration
Event: 1.970 loading class org/springframework/boot/autoconfigure/http/HttpMessageConvertersAutoConfiguration done
Event: 1.971 loading class org/springframework/boot/autoconfigure/info/ProjectInfoProperties
Event: 1.971 loading class org/springframework/boot/autoconfigure/info/ProjectInfoProperties done
Event: 1.971 loading class org/springframework/boot/autoconfigure/info/ProjectInfoAutoConfiguration$GitResourceAvailableCondition
Event: 1.971 loading class org/springframework/boot/autoconfigure/info/ProjectInfoAutoConfiguration$GitResourceAvailableCondition done
Event: 1.972 loading class org/springframework/boot/autoconfigure/info/ProjectInfoAutoConfiguration
Event: 1.972 loading class org/springframework/boot/autoconfigure/info/ProjectInfoAutoConfiguration done
Event: 1.973 Executing VM operation: CollectForMetadataAllocation


Dynamic libraries:
0x00007ff670070000 - 0x00007ff67007f000 	D:\Program Files\Java\jdk-12.0.1\bin\java.exe
0x00007ff92b550000 - 0x00007ff92b73d000 	C:\Windows\SYSTEM32\ntdll.dll
0x00007ff928d70000 - 0x00007ff928e23000 	C:\Windows\System32\KERNEL32.DLL
0x00007ff927f80000 - 0x00007ff928213000 	C:\Windows\System32\KERNELBASE.dll
0x00007ff928250000 - 0x00007ff92834a000 	C:\Windows\System32\ucrtbase.dll
0x00007ff920e80000 - 0x00007ff920e98000 	D:\Program Files\Java\jdk-12.0.1\bin\jli.dll
0x00007ff917c80000 - 0x00007ff917c96000 	D:\Program Files\Java\jdk-12.0.1\bin\VCRUNTIME140.dll
0x00007ff928770000 - 0x00007ff928813000 	C:\Windows\System32\ADVAPI32.dll
0x00007ff929dd0000 - 0x00007ff929e6e000 	C:\Windows\System32\msvcrt.dll
0x00007ff9292e0000 - 0x00007ff92937e000 	C:\Windows\System32\sechost.dll
0x00007ff92b3f0000 - 0x00007ff92b512000 	C:\Windows\System32\RPCRT4.dll
0x00007ff9290c0000 - 0x00007ff929257000 	C:\Windows\System32\USER32.dll
0x00007ff9286b0000 - 0x00007ff9286d0000 	C:\Windows\System32\win32u.dll
0x00007ff929da0000 - 0x00007ff929dc9000 	C:\Windows\System32\GDI32.dll
0x00007ff912a30000 - 0x00007ff912ca9000 	C:\Windows\WinSxS\amd64_microsoft.windows.common-controls_6595b64144ccf1df_6.0.17763.1098_none_de762ed45346ee8a\COMCTL32.dll
0x00007ff929840000 - 0x00007ff929b6c000 	C:\Windows\System32\combase.dll
0x00007ff928400000 - 0x00007ff92847e000 	C:\Windows\System32\bcryptPrimitives.dll
0x00007ff927d60000 - 0x00007ff927ef9000 	C:\Windows\System32\gdi32full.dll
0x00007ff9286d0000 - 0x00007ff928770000 	C:\Windows\System32\msvcp_win.dll
0x00007ff918c80000 - 0x00007ff918c8a000 	C:\Windows\SYSTEM32\VERSION.dll
0x00007ff929d70000 - 0x00007ff929d9e000 	C:\Windows\System32\IMM32.DLL
0x00007ff912980000 - 0x00007ff912a2a000 	D:\Program Files\Java\jdk-12.0.1\bin\msvcp140.dll
0x00007ff8e2700000 - 0x00007ff8e3274000 	D:\Program Files\Java\jdk-12.0.1\bin\server\jvm.dll
0x00007ff929d00000 - 0x00007ff929d08000 	C:\Windows\System32\PSAPI.DLL
0x00007ff9256b0000 - 0x00007ff9256d4000 	C:\Windows\SYSTEM32\WINMM.dll
0x00007ff9234e0000 - 0x00007ff9234e9000 	C:\Windows\SYSTEM32\WSOCK32.dll
0x00007ff929560000 - 0x00007ff9295cd000 	C:\Windows\System32\WS2_32.dll
0x00007ff925680000 - 0x00007ff9256ad000 	C:\Windows\SYSTEM32\WINMMBASE.dll
0x00007ff928660000 - 0x00007ff9286aa000 	C:\Windows\System32\cfgmgr32.dll
0x00007ff9275a0000 - 0x00007ff9275b1000 	C:\Windows\System32\kernel.appcore.dll
0x00007ff9165e0000 - 0x00007ff9165f1000 	D:\Program Files\Java\jdk-12.0.1\bin\verify.dll
0x00007ff91df50000 - 0x00007ff91e13d000 	C:\Windows\SYSTEM32\DBGHELP.DLL
0x00007ff91da60000 - 0x00007ff91da8a000 	C:\Windows\SYSTEM32\dbgcore.DLL
0x00007ff912950000 - 0x00007ff912976000 	D:\Program Files\Java\jdk-12.0.1\bin\java.dll
0x00007ff9195a0000 - 0x00007ff9195ae000 	D:\Program Files\Java\jdk-12.0.1\bin\instrument.dll
0x00007ff912930000 - 0x00007ff912947000 	D:\Program Files\Java\jdk-12.0.1\bin\zip.dll
0x00007ff920da0000 - 0x00007ff920daa000 	D:\Program Files\Java\jdk-12.0.1\bin\jimage.dll
0x00007ff929e70000 - 0x00007ff92b364000 	C:\Windows\System32\SHELL32.dll
0x00007ff928820000 - 0x00007ff9288c8000 	C:\Windows\System32\shcore.dll
0x00007ff927610000 - 0x00007ff927d5d000 	C:\Windows\System32\windows.storage.dll
0x00007ff9275c0000 - 0x00007ff9275e4000 	C:\Windows\System32\profapi.dll
0x00007ff927540000 - 0x00007ff92759d000 	C:\Windows\System32\powrprof.dll
0x00007ff929b70000 - 0x00007ff929bc2000 	C:\Windows\System32\shlwapi.dll
0x00007ff927f60000 - 0x00007ff927f77000 	C:\Windows\System32\cryptsp.dll
0x00007ff912910000 - 0x00007ff912929000 	D:\Program Files\Java\jdk-12.0.1\bin\net.dll
0x00007ff9220f0000 - 0x00007ff9221e2000 	C:\Windows\SYSTEM32\WINHTTP.dll
0x00007ff916a50000 - 0x00007ff916c27000 	C:\Windows\SYSTEM32\urlmon.dll
0x00007ff917060000 - 0x00007ff917308000 	C:\Windows\SYSTEM32\iertutil.dll
0x00007ff926f80000 - 0x00007ff926f8c000 	C:\Windows\SYSTEM32\CRYPTBASE.DLL
0x00007ff926db0000 - 0x00007ff926e17000 	C:\Windows\system32\mswsock.dll
0x00007ff9128f0000 - 0x00007ff912903000 	D:\Program Files\Java\jdk-12.0.1\bin\nio.dll
0x00007ff911580000 - 0x00007ff91159a000 	D:\Program Files\JetBrains\IntelliJ IDEA 2020.1\bin\breakgen64.dll
0x00007ff926b10000 - 0x00007ff926bd6000 	C:\Windows\SYSTEM32\DNSAPI.dll
0x00007ff929830000 - 0x00007ff929838000 	C:\Windows\System32\NSI.dll
0x00007ff926ad0000 - 0x00007ff926b0d000 	C:\Windows\SYSTEM32\IPHLPAPI.DLL
0x00007ff919570000 - 0x00007ff91957a000 	C:\Windows\System32\rasadhlp.dll
0x00007ff9197b0000 - 0x00007ff919829000 	C:\Windows\System32\fwpuclnt.dll
0x00007ff928220000 - 0x00007ff928246000 	C:\Windows\System32\bcrypt.dll
0x00007ff9155f0000 - 0x00007ff9155f9000 	D:\Program Files\Java\jdk-12.0.1\bin\management.dll
0x00007ff915550000 - 0x00007ff91555c000 	D:\Program Files\Java\jdk-12.0.1\bin\management_ext.dll
0x00007ff926930000 - 0x00007ff926963000 	C:\Windows\system32\rsaenh.dll
0x00007ff927470000 - 0x00007ff927498000 	C:\Windows\SYSTEM32\USERENV.dll
0x00007ff91d2c0000 - 0x00007ff91d2d6000 	C:\Windows\SYSTEM32\dhcpcsvc6.DLL
0x00007ff91e350000 - 0x00007ff91e36c000 	C:\Windows\SYSTEM32\dhcpcsvc.DLL
0x00007ff912cd0000 - 0x00007ff912ce6000 	C:\Windows\system32\napinsp.dll
0x00007ff912cb0000 - 0x00007ff912cca000 	C:\Windows\system32\pnrpnsp.dll
0x00007ff915330000 - 0x00007ff91533e000 	C:\Windows\System32\winrnr.dll
0x00007ff9213e0000 - 0x00007ff9213fb000 	C:\Windows\system32\NLAapi.dll
0x00007ff9209f0000 - 0x00007ff920a05000 	C:\Windows\system32\wshbth.dll

dbghelp: loaded successfully - version: 4.0.5 - missing functions: none
symbol engine: initialized successfully - sym options: 0x614 - pdb path: .;D:\Program Files\Java\jdk-12.0.1\bin;C:\Windows\SYSTEM32;C:\Windows\WinSxS\amd64_microsoft.windows.common-controls_6595b64144ccf1df_6.0.17763.1098_none_de762ed45346ee8a;D:\Program Files\Java\jdk-12.0.1\bin\server;D:\Program Files\JetBrains\IntelliJ IDEA 2020.1\bin

VM Arguments:
jvm_args: -XX:TieredStopAtLevel=1 -Xverify:none -Dspring.output.ansi.enabled=always -Dcom.sun.management.jmxremote -Dspring.jmx.enabled=true -Dspring.liveBeansView.mbeanDomain -Dspring.application.admin.enabled=true -javaagent:D:\Program Files\JetBrains\IntelliJ IDEA 2020.1\lib\idea_rt.jar=10347:D:\Program Files\JetBrains\IntelliJ IDEA 2020.1\bin -Dfile.encoding=UTF-8 
java_command: com.example.hotphoto.HotphotoApplication
java_class_path (initial): D:\code\hotphoto\target\classes;C:\Users\14663\.m2\repository\org\springframework\boot\spring-boot-starter-web\2.2.7.RELEASE\spring-boot-starter-web-2.2.7.RELEASE.jar;C:\Users\14663\.m2\repository\org\springframework\boot\spring-boot-starter\2.2.7.RELEASE\spring-boot-starter-2.2.7.RELEASE.jar;C:\Users\14663\.m2\repository\org\springframework\boot\spring-boot\2.2.7.RELEASE\spring-boot-2.2.7.RELEASE.jar;C:\Users\14663\.m2\repository\org\springframework\boot\spring-boot-autoconfigure\2.2.7.RELEASE\spring-boot-autoconfigure-2.2.7.RELEASE.jar;C:\Users\14663\.m2\repository\org\springframework\boot\spring-boot-starter-logging\2.2.7.RELEASE\spring-boot-starter-logging-2.2.7.RELEASE.jar;C:\Users\14663\.m2\repository\ch\qos\logback\logback-classic\1.2.3\logback-classic-1.2.3.jar;C:\Users\14663\.m2\repository\ch\qos\logback\logback-core\1.2.3\logback-core-1.2.3.jar;C:\Users\14663\.m2\repository\org\apache\logging\log4j\log4j-to-slf4j\2.12.1\log4j-to-slf4j-2.12.1.jar;C:\Users\14663\.m2\repository\org\apache\logging\log4j\log4j-api\2.12.1\log4j-api-2.12.1.jar;C:\Users\14663\.m2\repository\org\slf4j\jul-to-slf4j\1.7.30\jul-to-slf4j-1.7.30.jar;C:\Users\14663\.m2\repository\jakarta\annotation\jakarta.annotation-api\1.3.5\jakarta.annotation-api-1.3.5.jar;C:\Users\14663\.m2\repository\org\yaml\snakeyaml\1.25\snakeyaml-1.25.jar;C:\Users\14663\.m2\repository\org\springframework\boot\spring-boot-starter-json\2.2.7.RELEASE\spring-boot-starter-json-2.2.7.RELEASE.jar;C:\Users\14663\.m2\repository\com\fasterxml\jackson\datatype\jackson-datatype-jdk8\2.10.4\jackson-datatype-jdk8-2.10.4.jar;C:\Users\14663\.m2\repository\com\fasterxml\jackson\datatype\jackson-datatype-jsr310\2.10.4\jackson-datatype-jsr310-2.10.4.jar;C:\Users\14663\.m2\repository\com\fasterxml\jackson\module\jackson-module-parameter-names\2.10.4\jackson-module-parameter-names-2.10.4.jar;C:\Users\14663\.m2\repository\org\springframework\boot\spring-boot-starter-tomcat\2.2.7.RELEASE\spring-boot-starte
Launcher Type: SUN_STANDARD

[Global flags]
     bool BytecodeVerificationLocal                = false                                     {product} {command line}
     bool BytecodeVerificationRemote               = false                                     {product} {command line}
     intx CICompilerCount                          = 4                                         {product} {ergonomic}
     uint ConcGCThreads                            = 2                                         {product} {ergonomic}
     uint G1ConcRefinementThreads                  = 8                                         {product} {ergonomic}
   size_t G1HeapRegionSize                         = 1048576                                   {product} {ergonomic}
    uintx GCDrainStackTargetSize                   = 64                                        {product} {ergonomic}
   size_t InitialHeapSize                          = 134217728                                 {product} {ergonomic}
     bool ManagementServer                         = true                                      {product} {command line}
   size_t MarkStackSize                            = 4194304                                   {product} {ergonomic}
   size_t MaxHeapSize                              = 2118123520                                {product} {ergonomic}
   size_t MaxNewSize                               = 1270874112                                {product} {ergonomic}
   size_t MinHeapDeltaBytes                        = 1048576                                   {product} {ergonomic}
    uintx NonNMethodCodeHeapSize                   = 7549744                                {pd product} {ergonomic}
    uintx NonProfiledCodeHeapSize                  = 244108496                              {pd product} {ergonomic}
    uintx ProfiledCodeHeapSize                     = 0                                      {pd product} {ergonomic}
    uintx ReservedCodeCacheSize                    = 251658240                              {pd product} {ergonomic}
     bool SegmentedCodeCache                       = true                                      {product} {ergonomic}
     intx TieredStopAtLevel                        = 1                                         {product} {command line}
     bool UseCompressedClassPointers               = true                                 {lp64_product} {ergonomic}
     bool UseCompressedOops                        = true                                 {lp64_product} {ergonomic}
     bool UseG1GC                                  = true                                      {product} {ergonomic}
     bool UseLargePagesIndividualAllocation        = false                                  {pd product} {ergonomic}

Logging:
Log output configuration:
 #0: stdout all=warning uptime,level,tags
 #1: stderr all=off uptime,level,tags

Environment Variables:
JAVA_HOME=D:\Program Files\Java\jdk-12.0.1
CLASSPATH=.;D:\Program Files\Java\jdk-12.0.1\lib\dt.jar;D:\Program Files\Java\jdk-12.0.1\lib\tools.jar;
PATH=C:\Windows\system32;C:\Windows;C:\Windows\System32\Wbem;C:\Windows\System32\WindowsPowerShell\v1.0\;C:\Windows\System32\OpenSSH\;D:\Program Files\nodejs\;D:\Program Files\Git\cmd;D:\Program Files\Java\jdk-12.0.1\bin;D:\Program Files\Java\jdk-12.0.1\jre\bin;D:\Program Files\cmder;D:\mongodb\bin;D:\Program Files (x86)\Yarn\bin\;C:\Users\14663\AppData\Local\Programs\Python\Python37-32\Scripts\;C:\Users\14663\AppData\Local\Programs\Python\Python37-32\;C:\Users\14663\AppData\Local\Microsoft\WindowsApps;C:\Users\14663\AppData\Roaming\npm;D:\Users\14663\AppData\Local\Programs\Microsoft VS Code\bin;D:\Program Files\JetBrains\IntelliJ IDEA 2020.1\bin;;D:\Program Files\JetBrains\PyCharm 2019.2\bin;;C:\Users\14663\AppData\Local\Yarn\bin;D:\Program Files\JetBrains\IntelliJ IDEA Community Edition 2020.1\bin;;D:\Apache\apache-maven-3.6.3\bin\;
USERNAME=14663
OS=Windows_NT
PROCESSOR_IDENTIFIER=Intel64 Family 6 Model 60 Stepping 3, GenuineIntel



---------------  S Y S T E M  ---------------

OS: Windows 10 , 64 bit Build 17763 (10.0.17763.475)

CPU:total 8 (initial active 8) (4 cores per cpu, 2 threads per core) family 6 model 60 stepping 3, cmov, cx8, fxsr, mmx, sse, sse2, sse3, ssse3, sse4.1, sse4.2, popcnt, avx, avx2, aes, clmul, erms, lzcnt, ht, tsc, tscinvbit, bmi1, bmi2, fma

Memory: 4k page, system-wide physical 8074M (1233M free)
TotalPageFile size 12786M (AvailPageFile size 3M)
current process WorkingSet (physical memory assigned to process): 133M, peak: 133M
current process commit charge ("private bytes"): 238M, peak: 239M

vm_info: Java HotSpot(TM) 64-Bit Server VM (12.0.1+12) for windows-amd64 JRE (12.0.1+12), built on Apr  2 2019 14:02:19 by "mach5one" with MS VC++ 15.5 (VS2017)

END.
